[4.221s] DEBUG:colcon:Command line arguments: ['/usr/bin/colcon', 'build']
[4.221s] DEBUG:colcon:Parsed command line arguments: Namespace(allow_overriding=[], ament_cmake_args=None, base_paths=['.'], build_base='build', catkin_cmake_args=None, catkin_skip_building_tests=False, cmake_args=None, cmake_clean_cache=False, cmake_clean_first=False, cmake_force_configure=False, cmake_target=None, cmake_target_skip_unavailable=False, continue_on_error=False, event_handlers=None, executor='parallel', ignore_user_meta=False, install_base='install', log_base=None, log_level=None, main=<bound method BuildVerb.main of <colcon_core.verb.build.BuildVerb object at 0x7f2ae88710d0>>, merge_install=False, metas=['./colcon.meta'], packages_above=None, packages_above_and_dependencies=None, packages_above_depth=None, packages_end=None, packages_ignore=None, packages_ignore_regex=None, packages_select=None, packages_select_build_failed=False, packages_select_by_dep=None, packages_select_regex=None, packages_select_test_failures=False, packages_skip=None, packages_skip_build_finished=False, packages_skip_by_dep=None, packages_skip_regex=None, packages_skip_test_passed=False, packages_skip_up_to=None, packages_start=None, packages_up_to=None, packages_up_to_regex=None, parallel_workers=8, paths=None, symlink_install=False, test_result_base=None, verb_extension=<colcon_core.verb.build.BuildVerb object at 0x7f2ae88710d0>, verb_name='build', verb_parser=<colcon_defaults.argument_parser.defaults.DefaultArgumentsDecorator object at 0x7f2ae84dc8e0>)
[4.398s] Level 1:colcon.colcon_core.package_discovery:discover_packages(colcon_meta) check parameters
[4.399s] Level 1:colcon.colcon_core.package_discovery:discover_packages(recursive) check parameters
[4.399s] Level 1:colcon.colcon_core.package_discovery:discover_packages(ignore) check parameters
[4.399s] Level 1:colcon.colcon_core.package_discovery:discover_packages(path) check parameters
[4.399s] Level 1:colcon.colcon_core.package_discovery:discover_packages(colcon_meta) discover
[4.399s] Level 1:colcon.colcon_core.package_discovery:discover_packages(recursive) discover
[4.399s] INFO:colcon.colcon_core.package_discovery:Crawling recursively for packages in '/home/joel/Descargas/IR2121'
[4.399s] Level 1:colcon.colcon_core.package_identification:_identify(.) by extensions ['ignore', 'ignore_ament_install']
[4.399s] Level 1:colcon.colcon_core.package_identification:_identify(.) by extension 'ignore'
[4.399s] Level 1:colcon.colcon_core.package_identification:_identify(.) by extension 'ignore_ament_install'
[4.399s] Level 1:colcon.colcon_core.package_identification:_identify(.) by extensions ['colcon_pkg']
[4.399s] Level 1:colcon.colcon_core.package_identification:_identify(.) by extension 'colcon_pkg'
[4.399s] Level 1:colcon.colcon_core.package_identification:_identify(.) by extensions ['colcon_meta']
[4.399s] Level 1:colcon.colcon_core.package_identification:_identify(.) by extension 'colcon_meta'
[4.399s] Level 1:colcon.colcon_core.package_identification:_identify(.) by extensions ['ros']
[4.400s] Level 1:colcon.colcon_core.package_identification:_identify(.) by extension 'ros'
[4.432s] Level 1:colcon.colcon_core.package_identification:_identify(.) by extensions ['cmake', 'python']
[4.432s] Level 1:colcon.colcon_core.package_identification:_identify(.) by extension 'cmake'
[4.432s] Level 1:colcon.colcon_core.package_identification:_identify(.) by extension 'python'
[4.432s] Level 1:colcon.colcon_core.package_identification:_identify(.) by extensions ['python_setup_py']
[4.432s] Level 1:colcon.colcon_core.package_identification:_identify(.) by extension 'python_setup_py'
[4.432s] Level 1:colcon.colcon_core.package_identification:_identify(Teleoperation) by extensions ['ignore', 'ignore_ament_install']
[4.433s] Level 1:colcon.colcon_core.package_identification:_identify(Teleoperation) by extension 'ignore'
[4.433s] Level 1:colcon.colcon_core.package_identification:_identify(Teleoperation) by extension 'ignore_ament_install'
[4.433s] Level 1:colcon.colcon_core.package_identification:_identify(Teleoperation) by extensions ['colcon_pkg']
[4.433s] Level 1:colcon.colcon_core.package_identification:_identify(Teleoperation) by extension 'colcon_pkg'
[4.433s] Level 1:colcon.colcon_core.package_identification:_identify(Teleoperation) by extensions ['colcon_meta']
[4.433s] Level 1:colcon.colcon_core.package_identification:_identify(Teleoperation) by extension 'colcon_meta'
[4.433s] Level 1:colcon.colcon_core.package_identification:_identify(Teleoperation) by extensions ['ros']
[4.433s] Level 1:colcon.colcon_core.package_identification:_identify(Teleoperation) by extension 'ros'
[4.433s] Level 1:colcon.colcon_core.package_identification:_identify(Teleoperation) by extensions ['cmake', 'python']
[4.433s] Level 1:colcon.colcon_core.package_identification:_identify(Teleoperation) by extension 'cmake'
[4.433s] Level 1:colcon.colcon_core.package_identification:_identify(Teleoperation) by extension 'python'
[4.433s] Level 1:colcon.colcon_core.package_identification:_identify(Teleoperation) by extensions ['python_setup_py']
[4.433s] Level 1:colcon.colcon_core.package_identification:_identify(Teleoperation) by extension 'python_setup_py'
[4.433s] Level 1:colcon.colcon_core.package_identification:_identify(Teleoperation/scripts) by extensions ['ignore', 'ignore_ament_install']
[4.433s] Level 1:colcon.colcon_core.package_identification:_identify(Teleoperation/scripts) by extension 'ignore'
[4.434s] Level 1:colcon.colcon_core.package_identification:_identify(Teleoperation/scripts) by extension 'ignore_ament_install'
[4.434s] Level 1:colcon.colcon_core.package_identification:_identify(Teleoperation/scripts) by extensions ['colcon_pkg']
[4.434s] Level 1:colcon.colcon_core.package_identification:_identify(Teleoperation/scripts) by extension 'colcon_pkg'
[4.434s] Level 1:colcon.colcon_core.package_identification:_identify(Teleoperation/scripts) by extensions ['colcon_meta']
[4.434s] Level 1:colcon.colcon_core.package_identification:_identify(Teleoperation/scripts) by extension 'colcon_meta'
[4.434s] Level 1:colcon.colcon_core.package_identification:_identify(Teleoperation/scripts) by extensions ['ros']
[4.434s] Level 1:colcon.colcon_core.package_identification:_identify(Teleoperation/scripts) by extension 'ros'
[4.434s] Level 1:colcon.colcon_core.package_identification:_identify(Teleoperation/scripts) by extensions ['cmake', 'python']
[4.434s] Level 1:colcon.colcon_core.package_identification:_identify(Teleoperation/scripts) by extension 'cmake'
[4.434s] Level 1:colcon.colcon_core.package_identification:_identify(Teleoperation/scripts) by extension 'python'
[4.434s] Level 1:colcon.colcon_core.package_identification:_identify(Teleoperation/scripts) by extensions ['python_setup_py']
[4.434s] Level 1:colcon.colcon_core.package_identification:_identify(Teleoperation/scripts) by extension 'python_setup_py'
[4.434s] Level 1:colcon.colcon_core.package_identification:_identify(Teleoperation/scripts/rosbag2_2023_09_13-15_30_38) by extensions ['ignore', 'ignore_ament_install']
[4.434s] Level 1:colcon.colcon_core.package_identification:_identify(Teleoperation/scripts/rosbag2_2023_09_13-15_30_38) by extension 'ignore'
[4.434s] Level 1:colcon.colcon_core.package_identification:_identify(Teleoperation/scripts/rosbag2_2023_09_13-15_30_38) by extension 'ignore_ament_install'
[4.435s] Level 1:colcon.colcon_core.package_identification:_identify(Teleoperation/scripts/rosbag2_2023_09_13-15_30_38) by extensions ['colcon_pkg']
[4.435s] Level 1:colcon.colcon_core.package_identification:_identify(Teleoperation/scripts/rosbag2_2023_09_13-15_30_38) by extension 'colcon_pkg'
[4.435s] Level 1:colcon.colcon_core.package_identification:_identify(Teleoperation/scripts/rosbag2_2023_09_13-15_30_38) by extensions ['colcon_meta']
[4.435s] Level 1:colcon.colcon_core.package_identification:_identify(Teleoperation/scripts/rosbag2_2023_09_13-15_30_38) by extension 'colcon_meta'
[4.435s] Level 1:colcon.colcon_core.package_identification:_identify(Teleoperation/scripts/rosbag2_2023_09_13-15_30_38) by extensions ['ros']
[4.435s] Level 1:colcon.colcon_core.package_identification:_identify(Teleoperation/scripts/rosbag2_2023_09_13-15_30_38) by extension 'ros'
[4.435s] Level 1:colcon.colcon_core.package_identification:_identify(Teleoperation/scripts/rosbag2_2023_09_13-15_30_38) by extensions ['cmake', 'python']
[4.435s] Level 1:colcon.colcon_core.package_identification:_identify(Teleoperation/scripts/rosbag2_2023_09_13-15_30_38) by extension 'cmake'
[4.435s] Level 1:colcon.colcon_core.package_identification:_identify(Teleoperation/scripts/rosbag2_2023_09_13-15_30_38) by extension 'python'
[4.435s] Level 1:colcon.colcon_core.package_identification:_identify(Teleoperation/scripts/rosbag2_2023_09_13-15_30_38) by extensions ['python_setup_py']
[4.435s] Level 1:colcon.colcon_core.package_identification:_identify(Teleoperation/scripts/rosbag2_2023_09_13-15_30_38) by extension 'python_setup_py'
[4.435s] Level 1:colcon.colcon_core.package_identification:_identify(Teleoperation/scripts/rosbag2_2023_09_13-16_05_03) by extensions ['ignore', 'ignore_ament_install']
[4.435s] Level 1:colcon.colcon_core.package_identification:_identify(Teleoperation/scripts/rosbag2_2023_09_13-16_05_03) by extension 'ignore'
[4.435s] Level 1:colcon.colcon_core.package_identification:_identify(Teleoperation/scripts/rosbag2_2023_09_13-16_05_03) by extension 'ignore_ament_install'
[4.435s] Level 1:colcon.colcon_core.package_identification:_identify(Teleoperation/scripts/rosbag2_2023_09_13-16_05_03) by extensions ['colcon_pkg']
[4.435s] Level 1:colcon.colcon_core.package_identification:_identify(Teleoperation/scripts/rosbag2_2023_09_13-16_05_03) by extension 'colcon_pkg'
[4.436s] Level 1:colcon.colcon_core.package_identification:_identify(Teleoperation/scripts/rosbag2_2023_09_13-16_05_03) by extensions ['colcon_meta']
[4.436s] Level 1:colcon.colcon_core.package_identification:_identify(Teleoperation/scripts/rosbag2_2023_09_13-16_05_03) by extension 'colcon_meta'
[4.436s] Level 1:colcon.colcon_core.package_identification:_identify(Teleoperation/scripts/rosbag2_2023_09_13-16_05_03) by extensions ['ros']
[4.436s] Level 1:colcon.colcon_core.package_identification:_identify(Teleoperation/scripts/rosbag2_2023_09_13-16_05_03) by extension 'ros'
[4.436s] Level 1:colcon.colcon_core.package_identification:_identify(Teleoperation/scripts/rosbag2_2023_09_13-16_05_03) by extensions ['cmake', 'python']
[4.436s] Level 1:colcon.colcon_core.package_identification:_identify(Teleoperation/scripts/rosbag2_2023_09_13-16_05_03) by extension 'cmake'
[4.436s] Level 1:colcon.colcon_core.package_identification:_identify(Teleoperation/scripts/rosbag2_2023_09_13-16_05_03) by extension 'python'
[4.436s] Level 1:colcon.colcon_core.package_identification:_identify(Teleoperation/scripts/rosbag2_2023_09_13-16_05_03) by extensions ['python_setup_py']
[4.436s] Level 1:colcon.colcon_core.package_identification:_identify(Teleoperation/scripts/rosbag2_2023_09_13-16_05_03) by extension 'python_setup_py'
[4.436s] Level 1:colcon.colcon_core.package_identification:_identify(Teleoperation/scripts/rosbag2_2023_09_13-16_40_42) by extensions ['ignore', 'ignore_ament_install']
[4.436s] Level 1:colcon.colcon_core.package_identification:_identify(Teleoperation/scripts/rosbag2_2023_09_13-16_40_42) by extension 'ignore'
[4.436s] Level 1:colcon.colcon_core.package_identification:_identify(Teleoperation/scripts/rosbag2_2023_09_13-16_40_42) by extension 'ignore_ament_install'
[4.436s] Level 1:colcon.colcon_core.package_identification:_identify(Teleoperation/scripts/rosbag2_2023_09_13-16_40_42) by extensions ['colcon_pkg']
[4.436s] Level 1:colcon.colcon_core.package_identification:_identify(Teleoperation/scripts/rosbag2_2023_09_13-16_40_42) by extension 'colcon_pkg'
[4.437s] Level 1:colcon.colcon_core.package_identification:_identify(Teleoperation/scripts/rosbag2_2023_09_13-16_40_42) by extensions ['colcon_meta']
[4.437s] Level 1:colcon.colcon_core.package_identification:_identify(Teleoperation/scripts/rosbag2_2023_09_13-16_40_42) by extension 'colcon_meta'
[4.437s] Level 1:colcon.colcon_core.package_identification:_identify(Teleoperation/scripts/rosbag2_2023_09_13-16_40_42) by extensions ['ros']
[4.437s] Level 1:colcon.colcon_core.package_identification:_identify(Teleoperation/scripts/rosbag2_2023_09_13-16_40_42) by extension 'ros'
[4.437s] Level 1:colcon.colcon_core.package_identification:_identify(Teleoperation/scripts/rosbag2_2023_09_13-16_40_42) by extensions ['cmake', 'python']
[4.437s] Level 1:colcon.colcon_core.package_identification:_identify(Teleoperation/scripts/rosbag2_2023_09_13-16_40_42) by extension 'cmake'
[4.437s] Level 1:colcon.colcon_core.package_identification:_identify(Teleoperation/scripts/rosbag2_2023_09_13-16_40_42) by extension 'python'
[4.437s] Level 1:colcon.colcon_core.package_identification:_identify(Teleoperation/scripts/rosbag2_2023_09_13-16_40_42) by extensions ['python_setup_py']
[4.437s] Level 1:colcon.colcon_core.package_identification:_identify(Teleoperation/scripts/rosbag2_2023_09_13-16_40_42) by extension 'python_setup_py'
[4.437s] Level 1:colcon.colcon_core.package_identification:_identify(Teleoperation/scripts/rosbag2_2023_09_25-16_26_03) by extensions ['ignore', 'ignore_ament_install']
[4.437s] Level 1:colcon.colcon_core.package_identification:_identify(Teleoperation/scripts/rosbag2_2023_09_25-16_26_03) by extension 'ignore'
[4.437s] Level 1:colcon.colcon_core.package_identification:_identify(Teleoperation/scripts/rosbag2_2023_09_25-16_26_03) by extension 'ignore_ament_install'
[4.437s] Level 1:colcon.colcon_core.package_identification:_identify(Teleoperation/scripts/rosbag2_2023_09_25-16_26_03) by extensions ['colcon_pkg']
[4.437s] Level 1:colcon.colcon_core.package_identification:_identify(Teleoperation/scripts/rosbag2_2023_09_25-16_26_03) by extension 'colcon_pkg'
[4.437s] Level 1:colcon.colcon_core.package_identification:_identify(Teleoperation/scripts/rosbag2_2023_09_25-16_26_03) by extensions ['colcon_meta']
[4.437s] Level 1:colcon.colcon_core.package_identification:_identify(Teleoperation/scripts/rosbag2_2023_09_25-16_26_03) by extension 'colcon_meta'
[4.438s] Level 1:colcon.colcon_core.package_identification:_identify(Teleoperation/scripts/rosbag2_2023_09_25-16_26_03) by extensions ['ros']
[4.438s] Level 1:colcon.colcon_core.package_identification:_identify(Teleoperation/scripts/rosbag2_2023_09_25-16_26_03) by extension 'ros'
[4.438s] Level 1:colcon.colcon_core.package_identification:_identify(Teleoperation/scripts/rosbag2_2023_09_25-16_26_03) by extensions ['cmake', 'python']
[4.438s] Level 1:colcon.colcon_core.package_identification:_identify(Teleoperation/scripts/rosbag2_2023_09_25-16_26_03) by extension 'cmake'
[4.438s] Level 1:colcon.colcon_core.package_identification:_identify(Teleoperation/scripts/rosbag2_2023_09_25-16_26_03) by extension 'python'
[4.438s] Level 1:colcon.colcon_core.package_identification:_identify(Teleoperation/scripts/rosbag2_2023_09_25-16_26_03) by extensions ['python_setup_py']
[4.438s] Level 1:colcon.colcon_core.package_identification:_identify(Teleoperation/scripts/rosbag2_2023_09_25-16_26_03) by extension 'python_setup_py'
[4.438s] Level 1:colcon.colcon_core.package_identification:_identify(Teleoperation/scripts/rosbag2_2023_09_25-16_39_41) by extensions ['ignore', 'ignore_ament_install']
[4.438s] Level 1:colcon.colcon_core.package_identification:_identify(Teleoperation/scripts/rosbag2_2023_09_25-16_39_41) by extension 'ignore'
[4.438s] Level 1:colcon.colcon_core.package_identification:_identify(Teleoperation/scripts/rosbag2_2023_09_25-16_39_41) by extension 'ignore_ament_install'
[4.438s] Level 1:colcon.colcon_core.package_identification:_identify(Teleoperation/scripts/rosbag2_2023_09_25-16_39_41) by extensions ['colcon_pkg']
[4.438s] Level 1:colcon.colcon_core.package_identification:_identify(Teleoperation/scripts/rosbag2_2023_09_25-16_39_41) by extension 'colcon_pkg'
[4.438s] Level 1:colcon.colcon_core.package_identification:_identify(Teleoperation/scripts/rosbag2_2023_09_25-16_39_41) by extensions ['colcon_meta']
[4.438s] Level 1:colcon.colcon_core.package_identification:_identify(Teleoperation/scripts/rosbag2_2023_09_25-16_39_41) by extension 'colcon_meta'
[4.439s] Level 1:colcon.colcon_core.package_identification:_identify(Teleoperation/scripts/rosbag2_2023_09_25-16_39_41) by extensions ['ros']
[4.439s] Level 1:colcon.colcon_core.package_identification:_identify(Teleoperation/scripts/rosbag2_2023_09_25-16_39_41) by extension 'ros'
[4.439s] Level 1:colcon.colcon_core.package_identification:_identify(Teleoperation/scripts/rosbag2_2023_09_25-16_39_41) by extensions ['cmake', 'python']
[4.439s] Level 1:colcon.colcon_core.package_identification:_identify(Teleoperation/scripts/rosbag2_2023_09_25-16_39_41) by extension 'cmake'
[4.439s] Level 1:colcon.colcon_core.package_identification:_identify(Teleoperation/scripts/rosbag2_2023_09_25-16_39_41) by extension 'python'
[4.439s] Level 1:colcon.colcon_core.package_identification:_identify(Teleoperation/scripts/rosbag2_2023_09_25-16_39_41) by extensions ['python_setup_py']
[4.439s] Level 1:colcon.colcon_core.package_identification:_identify(Teleoperation/scripts/rosbag2_2023_09_25-16_39_41) by extension 'python_setup_py'
[4.439s] Level 1:colcon.colcon_core.package_identification:_identify(Teleoperation/scripts/rosbag2_2023_09_27-13_39_35) by extensions ['ignore', 'ignore_ament_install']
[4.439s] Level 1:colcon.colcon_core.package_identification:_identify(Teleoperation/scripts/rosbag2_2023_09_27-13_39_35) by extension 'ignore'
[4.440s] Level 1:colcon.colcon_core.package_identification:_identify(Teleoperation/scripts/rosbag2_2023_09_27-13_39_35) by extension 'ignore_ament_install'
[4.440s] Level 1:colcon.colcon_core.package_identification:_identify(Teleoperation/scripts/rosbag2_2023_09_27-13_39_35) by extensions ['colcon_pkg']
[4.440s] Level 1:colcon.colcon_core.package_identification:_identify(Teleoperation/scripts/rosbag2_2023_09_27-13_39_35) by extension 'colcon_pkg'
[4.440s] Level 1:colcon.colcon_core.package_identification:_identify(Teleoperation/scripts/rosbag2_2023_09_27-13_39_35) by extensions ['colcon_meta']
[4.440s] Level 1:colcon.colcon_core.package_identification:_identify(Teleoperation/scripts/rosbag2_2023_09_27-13_39_35) by extension 'colcon_meta'
[4.440s] Level 1:colcon.colcon_core.package_identification:_identify(Teleoperation/scripts/rosbag2_2023_09_27-13_39_35) by extensions ['ros']
[4.440s] Level 1:colcon.colcon_core.package_identification:_identify(Teleoperation/scripts/rosbag2_2023_09_27-13_39_35) by extension 'ros'
[4.440s] Level 1:colcon.colcon_core.package_identification:_identify(Teleoperation/scripts/rosbag2_2023_09_27-13_39_35) by extensions ['cmake', 'python']
[4.441s] Level 1:colcon.colcon_core.package_identification:_identify(Teleoperation/scripts/rosbag2_2023_09_27-13_39_35) by extension 'cmake'
[4.441s] Level 1:colcon.colcon_core.package_identification:_identify(Teleoperation/scripts/rosbag2_2023_09_27-13_39_35) by extension 'python'
[4.441s] Level 1:colcon.colcon_core.package_identification:_identify(Teleoperation/scripts/rosbag2_2023_09_27-13_39_35) by extensions ['python_setup_py']
[4.441s] Level 1:colcon.colcon_core.package_identification:_identify(Teleoperation/scripts/rosbag2_2023_09_27-13_39_35) by extension 'python_setup_py'
[4.441s] Level 1:colcon.colcon_core.package_identification:_identify(Teleoperation/scripts/rosbag2_2023_09_27-16_31_26) by extensions ['ignore', 'ignore_ament_install']
[4.441s] Level 1:colcon.colcon_core.package_identification:_identify(Teleoperation/scripts/rosbag2_2023_09_27-16_31_26) by extension 'ignore'
[4.441s] Level 1:colcon.colcon_core.package_identification:_identify(Teleoperation/scripts/rosbag2_2023_09_27-16_31_26) by extension 'ignore_ament_install'
[4.441s] Level 1:colcon.colcon_core.package_identification:_identify(Teleoperation/scripts/rosbag2_2023_09_27-16_31_26) by extensions ['colcon_pkg']
[4.441s] Level 1:colcon.colcon_core.package_identification:_identify(Teleoperation/scripts/rosbag2_2023_09_27-16_31_26) by extension 'colcon_pkg'
[4.441s] Level 1:colcon.colcon_core.package_identification:_identify(Teleoperation/scripts/rosbag2_2023_09_27-16_31_26) by extensions ['colcon_meta']
[4.441s] Level 1:colcon.colcon_core.package_identification:_identify(Teleoperation/scripts/rosbag2_2023_09_27-16_31_26) by extension 'colcon_meta'
[4.441s] Level 1:colcon.colcon_core.package_identification:_identify(Teleoperation/scripts/rosbag2_2023_09_27-16_31_26) by extensions ['ros']
[4.442s] Level 1:colcon.colcon_core.package_identification:_identify(Teleoperation/scripts/rosbag2_2023_09_27-16_31_26) by extension 'ros'
[4.442s] Level 1:colcon.colcon_core.package_identification:_identify(Teleoperation/scripts/rosbag2_2023_09_27-16_31_26) by extensions ['cmake', 'python']
[4.442s] Level 1:colcon.colcon_core.package_identification:_identify(Teleoperation/scripts/rosbag2_2023_09_27-16_31_26) by extension 'cmake'
[4.442s] Level 1:colcon.colcon_core.package_identification:_identify(Teleoperation/scripts/rosbag2_2023_09_27-16_31_26) by extension 'python'
[4.442s] Level 1:colcon.colcon_core.package_identification:_identify(Teleoperation/scripts/rosbag2_2023_09_27-16_31_26) by extensions ['python_setup_py']
[4.442s] Level 1:colcon.colcon_core.package_identification:_identify(Teleoperation/scripts/rosbag2_2023_09_27-16_31_26) by extension 'python_setup_py'
[4.442s] Level 1:colcon.colcon_core.package_identification:_identify(Teleoperation/scripts/rosbag2_2023_10_23-18_46_16) by extensions ['ignore', 'ignore_ament_install']
[4.442s] Level 1:colcon.colcon_core.package_identification:_identify(Teleoperation/scripts/rosbag2_2023_10_23-18_46_16) by extension 'ignore'
[4.442s] Level 1:colcon.colcon_core.package_identification:_identify(Teleoperation/scripts/rosbag2_2023_10_23-18_46_16) by extension 'ignore_ament_install'
[4.442s] Level 1:colcon.colcon_core.package_identification:_identify(Teleoperation/scripts/rosbag2_2023_10_23-18_46_16) by extensions ['colcon_pkg']
[4.442s] Level 1:colcon.colcon_core.package_identification:_identify(Teleoperation/scripts/rosbag2_2023_10_23-18_46_16) by extension 'colcon_pkg'
[4.443s] Level 1:colcon.colcon_core.package_identification:_identify(Teleoperation/scripts/rosbag2_2023_10_23-18_46_16) by extensions ['colcon_meta']
[4.443s] Level 1:colcon.colcon_core.package_identification:_identify(Teleoperation/scripts/rosbag2_2023_10_23-18_46_16) by extension 'colcon_meta'
[4.443s] Level 1:colcon.colcon_core.package_identification:_identify(Teleoperation/scripts/rosbag2_2023_10_23-18_46_16) by extensions ['ros']
[4.443s] Level 1:colcon.colcon_core.package_identification:_identify(Teleoperation/scripts/rosbag2_2023_10_23-18_46_16) by extension 'ros'
[4.443s] Level 1:colcon.colcon_core.package_identification:_identify(Teleoperation/scripts/rosbag2_2023_10_23-18_46_16) by extensions ['cmake', 'python']
[4.443s] Level 1:colcon.colcon_core.package_identification:_identify(Teleoperation/scripts/rosbag2_2023_10_23-18_46_16) by extension 'cmake'
[4.443s] Level 1:colcon.colcon_core.package_identification:_identify(Teleoperation/scripts/rosbag2_2023_10_23-18_46_16) by extension 'python'
[4.443s] Level 1:colcon.colcon_core.package_identification:_identify(Teleoperation/scripts/rosbag2_2023_10_23-18_46_16) by extensions ['python_setup_py']
[4.443s] Level 1:colcon.colcon_core.package_identification:_identify(Teleoperation/scripts/rosbag2_2023_10_23-18_46_16) by extension 'python_setup_py'
[4.443s] Level 1:colcon.colcon_core.package_identification:_identify(Teleoperation/scripts/rosbag2_2023_10_25-16_35_56) by extensions ['ignore', 'ignore_ament_install']
[4.444s] Level 1:colcon.colcon_core.package_identification:_identify(Teleoperation/scripts/rosbag2_2023_10_25-16_35_56) by extension 'ignore'
[4.444s] Level 1:colcon.colcon_core.package_identification:_identify(Teleoperation/scripts/rosbag2_2023_10_25-16_35_56) by extension 'ignore_ament_install'
[4.444s] Level 1:colcon.colcon_core.package_identification:_identify(Teleoperation/scripts/rosbag2_2023_10_25-16_35_56) by extensions ['colcon_pkg']
[4.444s] Level 1:colcon.colcon_core.package_identification:_identify(Teleoperation/scripts/rosbag2_2023_10_25-16_35_56) by extension 'colcon_pkg'
[4.444s] Level 1:colcon.colcon_core.package_identification:_identify(Teleoperation/scripts/rosbag2_2023_10_25-16_35_56) by extensions ['colcon_meta']
[4.444s] Level 1:colcon.colcon_core.package_identification:_identify(Teleoperation/scripts/rosbag2_2023_10_25-16_35_56) by extension 'colcon_meta'
[4.444s] Level 1:colcon.colcon_core.package_identification:_identify(Teleoperation/scripts/rosbag2_2023_10_25-16_35_56) by extensions ['ros']
[4.444s] Level 1:colcon.colcon_core.package_identification:_identify(Teleoperation/scripts/rosbag2_2023_10_25-16_35_56) by extension 'ros'
[4.444s] Level 1:colcon.colcon_core.package_identification:_identify(Teleoperation/scripts/rosbag2_2023_10_25-16_35_56) by extensions ['cmake', 'python']
[4.444s] Level 1:colcon.colcon_core.package_identification:_identify(Teleoperation/scripts/rosbag2_2023_10_25-16_35_56) by extension 'cmake'
[4.444s] Level 1:colcon.colcon_core.package_identification:_identify(Teleoperation/scripts/rosbag2_2023_10_25-16_35_56) by extension 'python'
[4.444s] Level 1:colcon.colcon_core.package_identification:_identify(Teleoperation/scripts/rosbag2_2023_10_25-16_35_56) by extensions ['python_setup_py']
[4.444s] Level 1:colcon.colcon_core.package_identification:_identify(Teleoperation/scripts/rosbag2_2023_10_25-16_35_56) by extension 'python_setup_py'
[4.445s] Level 1:colcon.colcon_core.package_identification:_identify(Teleoperation/scripts/rosbag2_2023_10_25-16_36_22) by extensions ['ignore', 'ignore_ament_install']
[4.445s] Level 1:colcon.colcon_core.package_identification:_identify(Teleoperation/scripts/rosbag2_2023_10_25-16_36_22) by extension 'ignore'
[4.445s] Level 1:colcon.colcon_core.package_identification:_identify(Teleoperation/scripts/rosbag2_2023_10_25-16_36_22) by extension 'ignore_ament_install'
[4.445s] Level 1:colcon.colcon_core.package_identification:_identify(Teleoperation/scripts/rosbag2_2023_10_25-16_36_22) by extensions ['colcon_pkg']
[4.445s] Level 1:colcon.colcon_core.package_identification:_identify(Teleoperation/scripts/rosbag2_2023_10_25-16_36_22) by extension 'colcon_pkg'
[4.445s] Level 1:colcon.colcon_core.package_identification:_identify(Teleoperation/scripts/rosbag2_2023_10_25-16_36_22) by extensions ['colcon_meta']
[4.445s] Level 1:colcon.colcon_core.package_identification:_identify(Teleoperation/scripts/rosbag2_2023_10_25-16_36_22) by extension 'colcon_meta'
[4.445s] Level 1:colcon.colcon_core.package_identification:_identify(Teleoperation/scripts/rosbag2_2023_10_25-16_36_22) by extensions ['ros']
[4.445s] Level 1:colcon.colcon_core.package_identification:_identify(Teleoperation/scripts/rosbag2_2023_10_25-16_36_22) by extension 'ros'
[4.445s] Level 1:colcon.colcon_core.package_identification:_identify(Teleoperation/scripts/rosbag2_2023_10_25-16_36_22) by extensions ['cmake', 'python']
[4.445s] Level 1:colcon.colcon_core.package_identification:_identify(Teleoperation/scripts/rosbag2_2023_10_25-16_36_22) by extension 'cmake'
[4.445s] Level 1:colcon.colcon_core.package_identification:_identify(Teleoperation/scripts/rosbag2_2023_10_25-16_36_22) by extension 'python'
[4.446s] Level 1:colcon.colcon_core.package_identification:_identify(Teleoperation/scripts/rosbag2_2023_10_25-16_36_22) by extensions ['python_setup_py']
[4.446s] Level 1:colcon.colcon_core.package_identification:_identify(Teleoperation/scripts/rosbag2_2023_10_25-16_36_22) by extension 'python_setup_py'
[4.446s] Level 1:colcon.colcon_core.package_identification:_identify(Teleoperation/scripts/rosbag2_2023_10_25-16_37_13) by extensions ['ignore', 'ignore_ament_install']
[4.446s] Level 1:colcon.colcon_core.package_identification:_identify(Teleoperation/scripts/rosbag2_2023_10_25-16_37_13) by extension 'ignore'
[4.446s] Level 1:colcon.colcon_core.package_identification:_identify(Teleoperation/scripts/rosbag2_2023_10_25-16_37_13) by extension 'ignore_ament_install'
[4.446s] Level 1:colcon.colcon_core.package_identification:_identify(Teleoperation/scripts/rosbag2_2023_10_25-16_37_13) by extensions ['colcon_pkg']
[4.446s] Level 1:colcon.colcon_core.package_identification:_identify(Teleoperation/scripts/rosbag2_2023_10_25-16_37_13) by extension 'colcon_pkg'
[4.446s] Level 1:colcon.colcon_core.package_identification:_identify(Teleoperation/scripts/rosbag2_2023_10_25-16_37_13) by extensions ['colcon_meta']
[4.446s] Level 1:colcon.colcon_core.package_identification:_identify(Teleoperation/scripts/rosbag2_2023_10_25-16_37_13) by extension 'colcon_meta'
[4.446s] Level 1:colcon.colcon_core.package_identification:_identify(Teleoperation/scripts/rosbag2_2023_10_25-16_37_13) by extensions ['ros']
[4.446s] Level 1:colcon.colcon_core.package_identification:_identify(Teleoperation/scripts/rosbag2_2023_10_25-16_37_13) by extension 'ros'
[4.446s] Level 1:colcon.colcon_core.package_identification:_identify(Teleoperation/scripts/rosbag2_2023_10_25-16_37_13) by extensions ['cmake', 'python']
[4.446s] Level 1:colcon.colcon_core.package_identification:_identify(Teleoperation/scripts/rosbag2_2023_10_25-16_37_13) by extension 'cmake'
[4.447s] Level 1:colcon.colcon_core.package_identification:_identify(Teleoperation/scripts/rosbag2_2023_10_25-16_37_13) by extension 'python'
[4.447s] Level 1:colcon.colcon_core.package_identification:_identify(Teleoperation/scripts/rosbag2_2023_10_25-16_37_13) by extensions ['python_setup_py']
[4.447s] Level 1:colcon.colcon_core.package_identification:_identify(Teleoperation/scripts/rosbag2_2023_10_25-16_37_13) by extension 'python_setup_py'
[4.447s] Level 1:colcon.colcon_core.package_identification:_identify(Teleoperation/scripts/rosbag2_2023_10_25-16_37_28) by extensions ['ignore', 'ignore_ament_install']
[4.447s] Level 1:colcon.colcon_core.package_identification:_identify(Teleoperation/scripts/rosbag2_2023_10_25-16_37_28) by extension 'ignore'
[4.447s] Level 1:colcon.colcon_core.package_identification:_identify(Teleoperation/scripts/rosbag2_2023_10_25-16_37_28) by extension 'ignore_ament_install'
[4.447s] Level 1:colcon.colcon_core.package_identification:_identify(Teleoperation/scripts/rosbag2_2023_10_25-16_37_28) by extensions ['colcon_pkg']
[4.447s] Level 1:colcon.colcon_core.package_identification:_identify(Teleoperation/scripts/rosbag2_2023_10_25-16_37_28) by extension 'colcon_pkg'
[4.447s] Level 1:colcon.colcon_core.package_identification:_identify(Teleoperation/scripts/rosbag2_2023_10_25-16_37_28) by extensions ['colcon_meta']
[4.447s] Level 1:colcon.colcon_core.package_identification:_identify(Teleoperation/scripts/rosbag2_2023_10_25-16_37_28) by extension 'colcon_meta'
[4.447s] Level 1:colcon.colcon_core.package_identification:_identify(Teleoperation/scripts/rosbag2_2023_10_25-16_37_28) by extensions ['ros']
[4.447s] Level 1:colcon.colcon_core.package_identification:_identify(Teleoperation/scripts/rosbag2_2023_10_25-16_37_28) by extension 'ros'
[4.447s] Level 1:colcon.colcon_core.package_identification:_identify(Teleoperation/scripts/rosbag2_2023_10_25-16_37_28) by extensions ['cmake', 'python']
[4.448s] Level 1:colcon.colcon_core.package_identification:_identify(Teleoperation/scripts/rosbag2_2023_10_25-16_37_28) by extension 'cmake'
[4.448s] Level 1:colcon.colcon_core.package_identification:_identify(Teleoperation/scripts/rosbag2_2023_10_25-16_37_28) by extension 'python'
[4.448s] Level 1:colcon.colcon_core.package_identification:_identify(Teleoperation/scripts/rosbag2_2023_10_25-16_37_28) by extensions ['python_setup_py']
[4.448s] Level 1:colcon.colcon_core.package_identification:_identify(Teleoperation/scripts/rosbag2_2023_10_25-16_37_28) by extension 'python_setup_py'
[4.448s] Level 1:colcon.colcon_core.package_identification:_identify(Teleoperation/scripts/rosbag2_2023_10_25-17_10_22) by extensions ['ignore', 'ignore_ament_install']
[4.448s] Level 1:colcon.colcon_core.package_identification:_identify(Teleoperation/scripts/rosbag2_2023_10_25-17_10_22) by extension 'ignore'
[4.448s] Level 1:colcon.colcon_core.package_identification:_identify(Teleoperation/scripts/rosbag2_2023_10_25-17_10_22) by extension 'ignore_ament_install'
[4.448s] Level 1:colcon.colcon_core.package_identification:_identify(Teleoperation/scripts/rosbag2_2023_10_25-17_10_22) by extensions ['colcon_pkg']
[4.448s] Level 1:colcon.colcon_core.package_identification:_identify(Teleoperation/scripts/rosbag2_2023_10_25-17_10_22) by extension 'colcon_pkg'
[4.448s] Level 1:colcon.colcon_core.package_identification:_identify(Teleoperation/scripts/rosbag2_2023_10_25-17_10_22) by extensions ['colcon_meta']
[4.448s] Level 1:colcon.colcon_core.package_identification:_identify(Teleoperation/scripts/rosbag2_2023_10_25-17_10_22) by extension 'colcon_meta'
[4.448s] Level 1:colcon.colcon_core.package_identification:_identify(Teleoperation/scripts/rosbag2_2023_10_25-17_10_22) by extensions ['ros']
[4.448s] Level 1:colcon.colcon_core.package_identification:_identify(Teleoperation/scripts/rosbag2_2023_10_25-17_10_22) by extension 'ros'
[4.448s] Level 1:colcon.colcon_core.package_identification:_identify(Teleoperation/scripts/rosbag2_2023_10_25-17_10_22) by extensions ['cmake', 'python']
[4.449s] Level 1:colcon.colcon_core.package_identification:_identify(Teleoperation/scripts/rosbag2_2023_10_25-17_10_22) by extension 'cmake'
[4.449s] Level 1:colcon.colcon_core.package_identification:_identify(Teleoperation/scripts/rosbag2_2023_10_25-17_10_22) by extension 'python'
[4.449s] Level 1:colcon.colcon_core.package_identification:_identify(Teleoperation/scripts/rosbag2_2023_10_25-17_10_22) by extensions ['python_setup_py']
[4.449s] Level 1:colcon.colcon_core.package_identification:_identify(Teleoperation/scripts/rosbag2_2023_10_25-17_10_22) by extension 'python_setup_py'
[4.449s] Level 1:colcon.colcon_core.package_identification:_identify(Worlds) by extensions ['ignore', 'ignore_ament_install']
[4.449s] Level 1:colcon.colcon_core.package_identification:_identify(Worlds) by extension 'ignore'
[4.449s] Level 1:colcon.colcon_core.package_identification:_identify(Worlds) by extension 'ignore_ament_install'
[4.449s] Level 1:colcon.colcon_core.package_identification:_identify(Worlds) by extensions ['colcon_pkg']
[4.449s] Level 1:colcon.colcon_core.package_identification:_identify(Worlds) by extension 'colcon_pkg'
[4.449s] Level 1:colcon.colcon_core.package_identification:_identify(Worlds) by extensions ['colcon_meta']
[4.449s] Level 1:colcon.colcon_core.package_identification:_identify(Worlds) by extension 'colcon_meta'
[4.449s] Level 1:colcon.colcon_core.package_identification:_identify(Worlds) by extensions ['ros']
[4.449s] Level 1:colcon.colcon_core.package_identification:_identify(Worlds) by extension 'ros'
[4.450s] Level 1:colcon.colcon_core.package_identification:_identify(Worlds) by extensions ['cmake', 'python']
[4.450s] Level 1:colcon.colcon_core.package_identification:_identify(Worlds) by extension 'cmake'
[4.450s] Level 1:colcon.colcon_core.package_identification:_identify(Worlds) by extension 'python'
[4.450s] Level 1:colcon.colcon_core.package_identification:_identify(Worlds) by extensions ['python_setup_py']
[4.450s] Level 1:colcon.colcon_core.package_identification:_identify(Worlds) by extension 'python_setup_py'
[4.450s] Level 1:colcon.colcon_core.package_identification:_identify(Worlds/models) by extensions ['ignore', 'ignore_ament_install']
[4.450s] Level 1:colcon.colcon_core.package_identification:_identify(Worlds/models) by extension 'ignore'
[4.450s] Level 1:colcon.colcon_core.package_identification:_identify(Worlds/models) by extension 'ignore_ament_install'
[4.450s] Level 1:colcon.colcon_core.package_identification:_identify(Worlds/models) by extensions ['colcon_pkg']
[4.450s] Level 1:colcon.colcon_core.package_identification:_identify(Worlds/models) by extension 'colcon_pkg'
[4.450s] Level 1:colcon.colcon_core.package_identification:_identify(Worlds/models) by extensions ['colcon_meta']
[4.450s] Level 1:colcon.colcon_core.package_identification:_identify(Worlds/models) by extension 'colcon_meta'
[4.450s] Level 1:colcon.colcon_core.package_identification:_identify(Worlds/models) by extensions ['ros']
[4.450s] Level 1:colcon.colcon_core.package_identification:_identify(Worlds/models) by extension 'ros'
[4.450s] Level 1:colcon.colcon_core.package_identification:_identify(Worlds/models) by extensions ['cmake', 'python']
[4.450s] Level 1:colcon.colcon_core.package_identification:_identify(Worlds/models) by extension 'cmake'
[4.451s] Level 1:colcon.colcon_core.package_identification:_identify(Worlds/models) by extension 'python'
[4.451s] Level 1:colcon.colcon_core.package_identification:_identify(Worlds/models) by extensions ['python_setup_py']
[4.451s] Level 1:colcon.colcon_core.package_identification:_identify(Worlds/models) by extension 'python_setup_py'
[4.451s] Level 1:colcon.colcon_core.package_identification:_identify(Worlds/models/TD_n1) by extensions ['ignore', 'ignore_ament_install']
[4.451s] Level 1:colcon.colcon_core.package_identification:_identify(Worlds/models/TD_n1) by extension 'ignore'
[4.451s] Level 1:colcon.colcon_core.package_identification:_identify(Worlds/models/TD_n1) by extension 'ignore_ament_install'
[4.451s] Level 1:colcon.colcon_core.package_identification:_identify(Worlds/models/TD_n1) by extensions ['colcon_pkg']
[4.451s] Level 1:colcon.colcon_core.package_identification:_identify(Worlds/models/TD_n1) by extension 'colcon_pkg'
[4.451s] Level 1:colcon.colcon_core.package_identification:_identify(Worlds/models/TD_n1) by extensions ['colcon_meta']
[4.451s] Level 1:colcon.colcon_core.package_identification:_identify(Worlds/models/TD_n1) by extension 'colcon_meta'
[4.451s] Level 1:colcon.colcon_core.package_identification:_identify(Worlds/models/TD_n1) by extensions ['ros']
[4.451s] Level 1:colcon.colcon_core.package_identification:_identify(Worlds/models/TD_n1) by extension 'ros'
[4.451s] Level 1:colcon.colcon_core.package_identification:_identify(Worlds/models/TD_n1) by extensions ['cmake', 'python']
[4.451s] Level 1:colcon.colcon_core.package_identification:_identify(Worlds/models/TD_n1) by extension 'cmake'
[4.452s] Level 1:colcon.colcon_core.package_identification:_identify(Worlds/models/TD_n1) by extension 'python'
[4.452s] Level 1:colcon.colcon_core.package_identification:_identify(Worlds/models/TD_n1) by extensions ['python_setup_py']
[4.452s] Level 1:colcon.colcon_core.package_identification:_identify(Worlds/models/TD_n1) by extension 'python_setup_py'
[4.452s] Level 1:colcon.colcon_core.package_identification:_identify(Worlds/models/TI_n1) by extensions ['ignore', 'ignore_ament_install']
[4.452s] Level 1:colcon.colcon_core.package_identification:_identify(Worlds/models/TI_n1) by extension 'ignore'
[4.452s] Level 1:colcon.colcon_core.package_identification:_identify(Worlds/models/TI_n1) by extension 'ignore_ament_install'
[4.452s] Level 1:colcon.colcon_core.package_identification:_identify(Worlds/models/TI_n1) by extensions ['colcon_pkg']
[4.452s] Level 1:colcon.colcon_core.package_identification:_identify(Worlds/models/TI_n1) by extension 'colcon_pkg'
[4.452s] Level 1:colcon.colcon_core.package_identification:_identify(Worlds/models/TI_n1) by extensions ['colcon_meta']
[4.452s] Level 1:colcon.colcon_core.package_identification:_identify(Worlds/models/TI_n1) by extension 'colcon_meta'
[4.452s] Level 1:colcon.colcon_core.package_identification:_identify(Worlds/models/TI_n1) by extensions ['ros']
[4.452s] Level 1:colcon.colcon_core.package_identification:_identify(Worlds/models/TI_n1) by extension 'ros'
[4.452s] Level 1:colcon.colcon_core.package_identification:_identify(Worlds/models/TI_n1) by extensions ['cmake', 'python']
[4.452s] Level 1:colcon.colcon_core.package_identification:_identify(Worlds/models/TI_n1) by extension 'cmake'
[4.452s] Level 1:colcon.colcon_core.package_identification:_identify(Worlds/models/TI_n1) by extension 'python'
[4.453s] Level 1:colcon.colcon_core.package_identification:_identify(Worlds/models/TI_n1) by extensions ['python_setup_py']
[4.453s] Level 1:colcon.colcon_core.package_identification:_identify(Worlds/models/TI_n1) by extension 'python_setup_py'
[4.453s] Level 1:colcon.colcon_core.package_identification:_identify(Worlds/scripts) by extensions ['ignore', 'ignore_ament_install']
[4.453s] Level 1:colcon.colcon_core.package_identification:_identify(Worlds/scripts) by extension 'ignore'
[4.453s] Level 1:colcon.colcon_core.package_identification:_identify(Worlds/scripts) by extension 'ignore_ament_install'
[4.453s] Level 1:colcon.colcon_core.package_identification:_identify(Worlds/scripts) by extensions ['colcon_pkg']
[4.453s] Level 1:colcon.colcon_core.package_identification:_identify(Worlds/scripts) by extension 'colcon_pkg'
[4.453s] Level 1:colcon.colcon_core.package_identification:_identify(Worlds/scripts) by extensions ['colcon_meta']
[4.453s] Level 1:colcon.colcon_core.package_identification:_identify(Worlds/scripts) by extension 'colcon_meta'
[4.453s] Level 1:colcon.colcon_core.package_identification:_identify(Worlds/scripts) by extensions ['ros']
[4.453s] Level 1:colcon.colcon_core.package_identification:_identify(Worlds/scripts) by extension 'ros'
[4.453s] Level 1:colcon.colcon_core.package_identification:_identify(Worlds/scripts) by extensions ['cmake', 'python']
[4.453s] Level 1:colcon.colcon_core.package_identification:_identify(Worlds/scripts) by extension 'cmake'
[4.453s] Level 1:colcon.colcon_core.package_identification:_identify(Worlds/scripts) by extension 'python'
[4.454s] Level 1:colcon.colcon_core.package_identification:_identify(Worlds/scripts) by extensions ['python_setup_py']
[4.454s] Level 1:colcon.colcon_core.package_identification:_identify(Worlds/scripts) by extension 'python_setup_py'
[4.454s] Level 1:colcon.colcon_core.package_identification:_identify(Worlds/scripts/rosbag2_2023_11_27-18_22_26) by extensions ['ignore', 'ignore_ament_install']
[4.454s] Level 1:colcon.colcon_core.package_identification:_identify(Worlds/scripts/rosbag2_2023_11_27-18_22_26) by extension 'ignore'
[4.454s] Level 1:colcon.colcon_core.package_identification:_identify(Worlds/scripts/rosbag2_2023_11_27-18_22_26) by extension 'ignore_ament_install'
[4.454s] Level 1:colcon.colcon_core.package_identification:_identify(Worlds/scripts/rosbag2_2023_11_27-18_22_26) by extensions ['colcon_pkg']
[4.454s] Level 1:colcon.colcon_core.package_identification:_identify(Worlds/scripts/rosbag2_2023_11_27-18_22_26) by extension 'colcon_pkg'
[4.454s] Level 1:colcon.colcon_core.package_identification:_identify(Worlds/scripts/rosbag2_2023_11_27-18_22_26) by extensions ['colcon_meta']
[4.454s] Level 1:colcon.colcon_core.package_identification:_identify(Worlds/scripts/rosbag2_2023_11_27-18_22_26) by extension 'colcon_meta'
[4.454s] Level 1:colcon.colcon_core.package_identification:_identify(Worlds/scripts/rosbag2_2023_11_27-18_22_26) by extensions ['ros']
[4.454s] Level 1:colcon.colcon_core.package_identification:_identify(Worlds/scripts/rosbag2_2023_11_27-18_22_26) by extension 'ros'
[4.454s] Level 1:colcon.colcon_core.package_identification:_identify(Worlds/scripts/rosbag2_2023_11_27-18_22_26) by extensions ['cmake', 'python']
[4.454s] Level 1:colcon.colcon_core.package_identification:_identify(Worlds/scripts/rosbag2_2023_11_27-18_22_26) by extension 'cmake'
[4.454s] Level 1:colcon.colcon_core.package_identification:_identify(Worlds/scripts/rosbag2_2023_11_27-18_22_26) by extension 'python'
[4.454s] Level 1:colcon.colcon_core.package_identification:_identify(Worlds/scripts/rosbag2_2023_11_27-18_22_26) by extensions ['python_setup_py']
[4.454s] Level 1:colcon.colcon_core.package_identification:_identify(Worlds/scripts/rosbag2_2023_11_27-18_22_26) by extension 'python_setup_py'
[4.455s] Level 1:colcon.colcon_core.package_identification:_identify(Worlds/scripts/rosbag2_2023_11_27-18_24_43) by extensions ['ignore', 'ignore_ament_install']
[4.455s] Level 1:colcon.colcon_core.package_identification:_identify(Worlds/scripts/rosbag2_2023_11_27-18_24_43) by extension 'ignore'
[4.455s] Level 1:colcon.colcon_core.package_identification:_identify(Worlds/scripts/rosbag2_2023_11_27-18_24_43) by extension 'ignore_ament_install'
[4.455s] Level 1:colcon.colcon_core.package_identification:_identify(Worlds/scripts/rosbag2_2023_11_27-18_24_43) by extensions ['colcon_pkg']
[4.455s] Level 1:colcon.colcon_core.package_identification:_identify(Worlds/scripts/rosbag2_2023_11_27-18_24_43) by extension 'colcon_pkg'
[4.455s] Level 1:colcon.colcon_core.package_identification:_identify(Worlds/scripts/rosbag2_2023_11_27-18_24_43) by extensions ['colcon_meta']
[4.455s] Level 1:colcon.colcon_core.package_identification:_identify(Worlds/scripts/rosbag2_2023_11_27-18_24_43) by extension 'colcon_meta'
[4.455s] Level 1:colcon.colcon_core.package_identification:_identify(Worlds/scripts/rosbag2_2023_11_27-18_24_43) by extensions ['ros']
[4.455s] Level 1:colcon.colcon_core.package_identification:_identify(Worlds/scripts/rosbag2_2023_11_27-18_24_43) by extension 'ros'
[4.455s] Level 1:colcon.colcon_core.package_identification:_identify(Worlds/scripts/rosbag2_2023_11_27-18_24_43) by extensions ['cmake', 'python']
[4.455s] Level 1:colcon.colcon_core.package_identification:_identify(Worlds/scripts/rosbag2_2023_11_27-18_24_43) by extension 'cmake'
[4.455s] Level 1:colcon.colcon_core.package_identification:_identify(Worlds/scripts/rosbag2_2023_11_27-18_24_43) by extension 'python'
[4.455s] Level 1:colcon.colcon_core.package_identification:_identify(Worlds/scripts/rosbag2_2023_11_27-18_24_43) by extensions ['python_setup_py']
[4.456s] Level 1:colcon.colcon_core.package_identification:_identify(Worlds/scripts/rosbag2_2023_11_27-18_24_43) by extension 'python_setup_py'
[4.456s] Level 1:colcon.colcon_core.package_identification:_identify(Worlds_2) by extensions ['ignore', 'ignore_ament_install']
[4.456s] Level 1:colcon.colcon_core.package_identification:_identify(Worlds_2) by extension 'ignore'
[4.456s] Level 1:colcon.colcon_core.package_identification:_identify(Worlds_2) by extension 'ignore_ament_install'
[4.456s] Level 1:colcon.colcon_core.package_identification:_identify(Worlds_2) by extensions ['colcon_pkg']
[4.456s] Level 1:colcon.colcon_core.package_identification:_identify(Worlds_2) by extension 'colcon_pkg'
[4.456s] Level 1:colcon.colcon_core.package_identification:_identify(Worlds_2) by extensions ['colcon_meta']
[4.456s] Level 1:colcon.colcon_core.package_identification:_identify(Worlds_2) by extension 'colcon_meta'
[4.456s] Level 1:colcon.colcon_core.package_identification:_identify(Worlds_2) by extensions ['ros']
[4.456s] Level 1:colcon.colcon_core.package_identification:_identify(Worlds_2) by extension 'ros'
[4.456s] Level 1:colcon.colcon_core.package_identification:_identify(Worlds_2) by extensions ['cmake', 'python']
[4.456s] Level 1:colcon.colcon_core.package_identification:_identify(Worlds_2) by extension 'cmake'
[4.456s] Level 1:colcon.colcon_core.package_identification:_identify(Worlds_2) by extension 'python'
[4.457s] Level 1:colcon.colcon_core.package_identification:_identify(Worlds_2) by extensions ['python_setup_py']
[4.457s] Level 1:colcon.colcon_core.package_identification:_identify(Worlds_2) by extension 'python_setup_py'
[4.457s] Level 1:colcon.colcon_core.package_identification:_identify(Worlds_2/models) by extensions ['ignore', 'ignore_ament_install']
[4.457s] Level 1:colcon.colcon_core.package_identification:_identify(Worlds_2/models) by extension 'ignore'
[4.457s] Level 1:colcon.colcon_core.package_identification:_identify(Worlds_2/models) by extension 'ignore_ament_install'
[4.457s] Level 1:colcon.colcon_core.package_identification:_identify(Worlds_2/models) by extensions ['colcon_pkg']
[4.457s] Level 1:colcon.colcon_core.package_identification:_identify(Worlds_2/models) by extension 'colcon_pkg'
[4.457s] Level 1:colcon.colcon_core.package_identification:_identify(Worlds_2/models) by extensions ['colcon_meta']
[4.457s] Level 1:colcon.colcon_core.package_identification:_identify(Worlds_2/models) by extension 'colcon_meta'
[4.457s] Level 1:colcon.colcon_core.package_identification:_identify(Worlds_2/models) by extensions ['ros']
[4.457s] Level 1:colcon.colcon_core.package_identification:_identify(Worlds_2/models) by extension 'ros'
[4.457s] Level 1:colcon.colcon_core.package_identification:_identify(Worlds_2/models) by extensions ['cmake', 'python']
[4.457s] Level 1:colcon.colcon_core.package_identification:_identify(Worlds_2/models) by extension 'cmake'
[4.457s] Level 1:colcon.colcon_core.package_identification:_identify(Worlds_2/models) by extension 'python'
[4.458s] Level 1:colcon.colcon_core.package_identification:_identify(Worlds_2/models) by extensions ['python_setup_py']
[4.458s] Level 1:colcon.colcon_core.package_identification:_identify(Worlds_2/models) by extension 'python_setup_py'
[4.458s] Level 1:colcon.colcon_core.package_identification:_identify(Worlds_2/models/TI_n1) by extensions ['ignore', 'ignore_ament_install']
[4.458s] Level 1:colcon.colcon_core.package_identification:_identify(Worlds_2/models/TI_n1) by extension 'ignore'
[4.458s] Level 1:colcon.colcon_core.package_identification:_identify(Worlds_2/models/TI_n1) by extension 'ignore_ament_install'
[4.458s] Level 1:colcon.colcon_core.package_identification:_identify(Worlds_2/models/TI_n1) by extensions ['colcon_pkg']
[4.458s] Level 1:colcon.colcon_core.package_identification:_identify(Worlds_2/models/TI_n1) by extension 'colcon_pkg'
[4.458s] Level 1:colcon.colcon_core.package_identification:_identify(Worlds_2/models/TI_n1) by extensions ['colcon_meta']
[4.458s] Level 1:colcon.colcon_core.package_identification:_identify(Worlds_2/models/TI_n1) by extension 'colcon_meta'
[4.458s] Level 1:colcon.colcon_core.package_identification:_identify(Worlds_2/models/TI_n1) by extensions ['ros']
[4.458s] Level 1:colcon.colcon_core.package_identification:_identify(Worlds_2/models/TI_n1) by extension 'ros'
[4.458s] Level 1:colcon.colcon_core.package_identification:_identify(Worlds_2/models/TI_n1) by extensions ['cmake', 'python']
[4.458s] Level 1:colcon.colcon_core.package_identification:_identify(Worlds_2/models/TI_n1) by extension 'cmake'
[4.458s] Level 1:colcon.colcon_core.package_identification:_identify(Worlds_2/models/TI_n1) by extension 'python'
[4.459s] Level 1:colcon.colcon_core.package_identification:_identify(Worlds_2/models/TI_n1) by extensions ['python_setup_py']
[4.459s] Level 1:colcon.colcon_core.package_identification:_identify(Worlds_2/models/TI_n1) by extension 'python_setup_py'
[4.459s] Level 1:colcon.colcon_core.package_identification:_identify(Worlds_2/scripts) by extensions ['ignore', 'ignore_ament_install']
[4.459s] Level 1:colcon.colcon_core.package_identification:_identify(Worlds_2/scripts) by extension 'ignore'
[4.459s] Level 1:colcon.colcon_core.package_identification:_identify(Worlds_2/scripts) by extension 'ignore_ament_install'
[4.459s] Level 1:colcon.colcon_core.package_identification:_identify(Worlds_2/scripts) by extensions ['colcon_pkg']
[4.459s] Level 1:colcon.colcon_core.package_identification:_identify(Worlds_2/scripts) by extension 'colcon_pkg'
[4.459s] Level 1:colcon.colcon_core.package_identification:_identify(Worlds_2/scripts) by extensions ['colcon_meta']
[4.459s] Level 1:colcon.colcon_core.package_identification:_identify(Worlds_2/scripts) by extension 'colcon_meta'
[4.459s] Level 1:colcon.colcon_core.package_identification:_identify(Worlds_2/scripts) by extensions ['ros']
[4.459s] Level 1:colcon.colcon_core.package_identification:_identify(Worlds_2/scripts) by extension 'ros'
[4.459s] Level 1:colcon.colcon_core.package_identification:_identify(Worlds_2/scripts) by extensions ['cmake', 'python']
[4.459s] Level 1:colcon.colcon_core.package_identification:_identify(Worlds_2/scripts) by extension 'cmake'
[4.460s] Level 1:colcon.colcon_core.package_identification:_identify(Worlds_2/scripts) by extension 'python'
[4.460s] Level 1:colcon.colcon_core.package_identification:_identify(Worlds_2/scripts) by extensions ['python_setup_py']
[4.460s] Level 1:colcon.colcon_core.package_identification:_identify(Worlds_2/scripts) by extension 'python_setup_py'
[4.460s] Level 1:colcon.colcon_core.package_identification:_identify(build) by extensions ['ignore', 'ignore_ament_install']
[4.460s] Level 1:colcon.colcon_core.package_identification:_identify(build) by extension 'ignore'
[4.460s] Level 1:colcon.colcon_core.package_identification:_identify(build) ignored
[4.460s] Level 1:colcon.colcon_core.package_identification:_identify(install) by extensions ['ignore', 'ignore_ament_install']
[4.460s] Level 1:colcon.colcon_core.package_identification:_identify(install) by extension 'ignore'
[4.460s] Level 1:colcon.colcon_core.package_identification:_identify(install) ignored
[4.460s] Level 1:colcon.colcon_core.package_identification:_identify(log) by extensions ['ignore', 'ignore_ament_install']
[4.461s] Level 1:colcon.colcon_core.package_identification:_identify(log) by extension 'ignore'
[4.461s] Level 1:colcon.colcon_core.package_identification:_identify(log) ignored
[4.461s] Level 1:colcon.colcon_core.package_identification:_identify(patrollingTask) by extensions ['ignore', 'ignore_ament_install']
[4.461s] Level 1:colcon.colcon_core.package_identification:_identify(patrollingTask) by extension 'ignore'
[4.461s] Level 1:colcon.colcon_core.package_identification:_identify(patrollingTask) by extension 'ignore_ament_install'
[4.461s] Level 1:colcon.colcon_core.package_identification:_identify(patrollingTask) by extensions ['colcon_pkg']
[4.461s] Level 1:colcon.colcon_core.package_identification:_identify(patrollingTask) by extension 'colcon_pkg'
[4.461s] Level 1:colcon.colcon_core.package_identification:_identify(patrollingTask) by extensions ['colcon_meta']
[4.461s] Level 1:colcon.colcon_core.package_identification:_identify(patrollingTask) by extension 'colcon_meta'
[4.461s] Level 1:colcon.colcon_core.package_identification:_identify(patrollingTask) by extensions ['ros']
[4.461s] Level 1:colcon.colcon_core.package_identification:_identify(patrollingTask) by extension 'ros'
[4.465s] DEBUG:colcon.colcon_core.package_identification:Package 'patrollingTask' with type 'ros.ament_cmake' and name 'patrollingTask'
[4.465s] Level 1:colcon.colcon_core.package_discovery:discover_packages(recursive) using defaults
[4.465s] Level 1:colcon.colcon_core.package_discovery:discover_packages(ignore) discover
[4.465s] Level 1:colcon.colcon_core.package_discovery:discover_packages(ignore) using defaults
[4.465s] Level 1:colcon.colcon_core.package_discovery:discover_packages(path) discover
[4.465s] Level 1:colcon.colcon_core.package_discovery:discover_packages(path) using defaults
[4.842s] Level 1:colcon.colcon_core.package_discovery:discover_packages(prefix_path) check parameters
[4.842s] Level 1:colcon.colcon_core.package_discovery:discover_packages(prefix_path) discover
[4.999s] DEBUG:colcon.colcon_installed_package_information.package_discovery:Found 1 installed packages in /home/joel/Descargas/IR2121/install
[5.067s] DEBUG:colcon.colcon_installed_package_information.package_discovery:Found 406 installed packages in /opt/ros/foxy
[5.082s] Level 1:colcon.colcon_core.package_discovery:discover_packages(prefix_path) using defaults
[5.338s] Level 5:colcon.colcon_core.verb:set package 'patrollingTask' build argument 'cmake_args' from command line to 'None'
[5.338s] Level 5:colcon.colcon_core.verb:set package 'patrollingTask' build argument 'cmake_target' from command line to 'None'
[5.338s] Level 5:colcon.colcon_core.verb:set package 'patrollingTask' build argument 'cmake_target_skip_unavailable' from command line to 'False'
[5.339s] Level 5:colcon.colcon_core.verb:set package 'patrollingTask' build argument 'cmake_clean_cache' from command line to 'False'
[5.339s] Level 5:colcon.colcon_core.verb:set package 'patrollingTask' build argument 'cmake_clean_first' from command line to 'False'
[5.339s] Level 5:colcon.colcon_core.verb:set package 'patrollingTask' build argument 'cmake_force_configure' from command line to 'False'
[5.339s] Level 5:colcon.colcon_core.verb:set package 'patrollingTask' build argument 'ament_cmake_args' from command line to 'None'
[5.339s] Level 5:colcon.colcon_core.verb:set package 'patrollingTask' build argument 'catkin_cmake_args' from command line to 'None'
[5.339s] Level 5:colcon.colcon_core.verb:set package 'patrollingTask' build argument 'catkin_skip_building_tests' from command line to 'False'
[5.339s] DEBUG:colcon.colcon_core.verb:Building package 'patrollingTask' with the following arguments: {'ament_cmake_args': None, 'build_base': '/home/joel/Descargas/IR2121/build/patrollingTask', 'catkin_cmake_args': None, 'catkin_skip_building_tests': False, 'cmake_args': None, 'cmake_clean_cache': False, 'cmake_clean_first': False, 'cmake_force_configure': False, 'cmake_target': None, 'cmake_target_skip_unavailable': False, 'install_base': '/home/joel/Descargas/IR2121/install/patrollingTask', 'merge_install': False, 'path': '/home/joel/Descargas/IR2121/patrollingTask', 'symlink_install': False, 'test_result_base': None}
[5.409s] INFO:colcon.colcon_core.executor:Executing jobs using 'parallel' executor
[5.479s] DEBUG:colcon.colcon_parallel_executor.executor.parallel:run_until_complete
[5.479s] INFO:colcon.colcon_ros.task.ament_cmake.build:Building ROS package in '/home/joel/Descargas/IR2121/patrollingTask' with build type 'ament_cmake'
[5.479s] INFO:colcon.colcon_cmake.task.cmake.build:Building CMake package in '/home/joel/Descargas/IR2121/patrollingTask'
[5.550s] INFO:colcon.colcon_core.plugin_system:Skipping extension 'colcon_core.shell.bat': Not used on non-Windows systems
[5.550s] INFO:colcon.colcon_core.shell:Skip shell extension 'powershell' for command environment: Not usable outside of PowerShell
[5.550s] DEBUG:colcon.colcon_core.shell:Skip shell extension 'dsv' for command environment
[5.799s] DEBUG:colcon.colcon_core.event_handler.log_command:Invoking command in '/home/joel/Descargas/IR2121/build/patrollingTask': CMAKE_PREFIX_PATH=${CMAKE_PREFIX_PATH}:/opt/ros/foxy /usr/bin/cmake --build /home/joel/Descargas/IR2121/build/patrollingTask -- -j8 -l8
[9.640s] DEBUG:colcon.colcon_core.event_handler.log_command:Invoked command in '/home/joel/Descargas/IR2121/build/patrollingTask' returned '2': CMAKE_PREFIX_PATH=${CMAKE_PREFIX_PATH}:/opt/ros/foxy /usr/bin/cmake --build /home/joel/Descargas/IR2121/build/patrollingTask -- -j8 -l8
[9.744s] Level 1:colcon.colcon_core.environment:create_environment_scripts_only(patrollingTask)
[9.824s] Level 1:colcon.colcon_core.environment:checking '/home/joel/Descargas/IR2121/install/patrollingTask' for CMake module files
[9.824s] Level 1:colcon.colcon_core.environment:checking '/home/joel/Descargas/IR2121/install/patrollingTask' for CMake config files
[9.825s] Level 1:colcon.colcon_core.shell:create_environment_hook('patrollingTask', 'cmake_prefix_path')
[9.903s] INFO:colcon.colcon_core.shell:Creating environment hook '/home/joel/Descargas/IR2121/install/patrollingTask/share/patrollingTask/hook/cmake_prefix_path.ps1'
[9.904s] INFO:colcon.colcon_core.shell:Creating environment descriptor '/home/joel/Descargas/IR2121/install/patrollingTask/share/patrollingTask/hook/cmake_prefix_path.dsv'
[9.905s] INFO:colcon.colcon_core.shell:Creating environment hook '/home/joel/Descargas/IR2121/install/patrollingTask/share/patrollingTask/hook/cmake_prefix_path.sh'
[9.906s] Level 1:colcon.colcon_core.environment:checking '/home/joel/Descargas/IR2121/install/patrollingTask/lib'
[9.906s] Level 1:colcon.colcon_core.environment:checking '/home/joel/Descargas/IR2121/install/patrollingTask/bin'
[9.906s] Level 1:colcon.colcon_core.environment:checking '/home/joel/Descargas/IR2121/install/patrollingTask/lib/pkgconfig/patrollingTask.pc'
[9.906s] Level 1:colcon.colcon_core.environment:checking '/home/joel/Descargas/IR2121/install/patrollingTask/lib/python3.8/site-packages'
[9.907s] Level 1:colcon.colcon_core.environment:checking '/home/joel/Descargas/IR2121/install/patrollingTask/bin'
[9.985s] INFO:colcon.colcon_core.shell:Creating package script '/home/joel/Descargas/IR2121/install/patrollingTask/share/patrollingTask/package.ps1'
[9.986s] INFO:colcon.colcon_core.shell:Creating package descriptor '/home/joel/Descargas/IR2121/install/patrollingTask/share/patrollingTask/package.dsv'
[9.987s] INFO:colcon.colcon_core.shell:Creating package script '/home/joel/Descargas/IR2121/install/patrollingTask/share/patrollingTask/package.sh'
[9.988s] INFO:colcon.colcon_core.shell:Creating package script '/home/joel/Descargas/IR2121/install/patrollingTask/share/patrollingTask/package.bash'
[9.989s] INFO:colcon.colcon_core.shell:Creating package script '/home/joel/Descargas/IR2121/install/patrollingTask/share/patrollingTask/package.zsh'
[9.990s] Level 1:colcon.colcon_core.environment:create_file_with_runtime_dependencies(/home/joel/Descargas/IR2121/install/patrollingTask/share/colcon-core/packages/patrollingTask)
[10.001s] DEBUG:colcon.colcon_parallel_executor.executor.parallel:closing loop
[10.001s] DEBUG:colcon.colcon_parallel_executor.executor.parallel:loop closed
[10.001s] DEBUG:colcon.colcon_parallel_executor.executor.parallel:run_until_complete finished with '2'
[10.001s] DEBUG:colcon.colcon_core.event_reactor:joining thread
[10.078s] INFO:colcon.colcon_core.plugin_system:Skipping extension 'colcon_notification.desktop_notification.terminal_notifier': Not used on non-Darwin systems
[10.078s] INFO:colcon.colcon_core.plugin_system:Skipping extension 'colcon_notification.desktop_notification.win32': Not used on non-Windows systems
[10.078s] INFO:colcon.colcon_notification.desktop_notification:Sending desktop notification using 'notify2'
[10.096s] DEBUG:colcon.colcon_core.event_reactor:joined thread
[10.169s] INFO:colcon.colcon_core.shell:Creating prefix script '/home/joel/Descargas/IR2121/install/local_setup.ps1'
[10.171s] INFO:colcon.colcon_core.shell:Creating prefix util module '/home/joel/Descargas/IR2121/install/_local_setup_util_ps1.py'
[10.172s] INFO:colcon.colcon_core.shell:Creating prefix chain script '/home/joel/Descargas/IR2121/install/setup.ps1'
[10.251s] INFO:colcon.colcon_core.shell:Creating prefix script '/home/joel/Descargas/IR2121/install/local_setup.sh'
[10.251s] INFO:colcon.colcon_core.shell:Creating prefix util module '/home/joel/Descargas/IR2121/install/_local_setup_util_sh.py'
[10.252s] INFO:colcon.colcon_core.shell:Creating prefix chain script '/home/joel/Descargas/IR2121/install/setup.sh'
[10.324s] INFO:colcon.colcon_core.shell:Creating prefix script '/home/joel/Descargas/IR2121/install/local_setup.bash'
[10.324s] INFO:colcon.colcon_core.shell:Creating prefix chain script '/home/joel/Descargas/IR2121/install/setup.bash'
[10.401s] INFO:colcon.colcon_core.shell:Creating prefix script '/home/joel/Descargas/IR2121/install/local_setup.zsh'
[10.402s] INFO:colcon.colcon_core.shell:Creating prefix chain script '/home/joel/Descargas/IR2121/install/setup.zsh'
