[0.244s] Invoking command in '/home/joel/Descargas/IR2121/build/patrollingTask': CMAKE_PREFIX_PATH=/opt/ros/foxy /usr/bin/cmake --build /home/joel/Descargas/IR2121/build/patrollingTask -- -j8 -l8
[0.308s] [35m[1mScanning dependencies of target publisher[0m
[0.353s] [ 50%] [32mBuilding CXX object CMakeFiles/publisher.dir/src/publisher.cpp.o[0m
[4.326s] [100%] [32m[1mLinking CXX executable publisher[0m
[4.587s] [100%] Built target publisher
[4.604s] Invoked command in '/home/joel/Descargas/IR2121/build/patrollingTask' returned '0': CMAKE_PREFIX_PATH=/opt/ros/foxy /usr/bin/cmake --build /home/joel/Descargas/IR2121/build/patrollingTask -- -j8 -l8
[4.659s] Invoking command in '/home/joel/Descargas/IR2121/build/patrollingTask': CMAKE_PREFIX_PATH=/opt/ros/foxy /usr/bin/cmake --install /home/joel/Descargas/IR2121/build/patrollingTask
[4.672s] -- Install configuration: ""
[4.672s] -- Installing: /home/joel/Descargas/IR2121/install/patrollingTask/lib/patrollingTask/publisher
[4.674s] -- Set runtime path of "/home/joel/Descargas/IR2121/install/patrollingTask/lib/patrollingTask/publisher" to ""
[4.674s] -- Installing: /home/joel/Descargas/IR2121/install/patrollingTask/share/ament_index/resource_index/package_run_dependencies/patrollingTask
[4.674s] -- Installing: /home/joel/Descargas/IR2121/install/patrollingTask/share/ament_index/resource_index/parent_prefix_path/patrollingTask
[4.675s] -- Installing: /home/joel/Descargas/IR2121/install/patrollingTask/share/patrollingTask/environment/ament_prefix_path.sh
[4.675s] -- Installing: /home/joel/Descargas/IR2121/install/patrollingTask/share/patrollingTask/environment/ament_prefix_path.dsv
[4.675s] -- Installing: /home/joel/Descargas/IR2121/install/patrollingTask/share/patrollingTask/environment/path.sh
[4.675s] -- Installing: /home/joel/Descargas/IR2121/install/patrollingTask/share/patrollingTask/environment/path.dsv
[4.675s] -- Installing: /home/joel/Descargas/IR2121/install/patrollingTask/share/patrollingTask/local_setup.bash
[4.675s] -- Installing: /home/joel/Descargas/IR2121/install/patrollingTask/share/patrollingTask/local_setup.sh
[4.676s] -- Installing: /home/joel/Descargas/IR2121/install/patrollingTask/share/patrollingTask/local_setup.zsh
[4.676s] -- Installing: /home/joel/Descargas/IR2121/install/patrollingTask/share/patrollingTask/local_setup.dsv
[4.676s] -- Installing: /home/joel/Descargas/IR2121/install/patrollingTask/share/patrollingTask/package.dsv
[4.676s] -- Installing: /home/joel/Descargas/IR2121/install/patrollingTask/share/ament_index/resource_index/packages/patrollingTask
[4.677s] -- Installing: /home/joel/Descargas/IR2121/install/patrollingTask/share/patrollingTask/cmake/patrollingTaskConfig.cmake
[4.677s] -- Installing: /home/joel/Descargas/IR2121/install/patrollingTask/share/patrollingTask/cmake/patrollingTaskConfig-version.cmake
[4.677s] -- Installing: /home/joel/Descargas/IR2121/install/patrollingTask/share/patrollingTask/package.xml
[4.680s] Invoked command in '/home/joel/Descargas/IR2121/build/patrollingTask' returned '0': CMAKE_PREFIX_PATH=/opt/ros/foxy /usr/bin/cmake --install /home/joel/Descargas/IR2121/build/patrollingTask
