[4.625s] DEBUG:colcon:Command line arguments: ['/usr/bin/colcon', 'build']
[4.625s] DEBUG:colcon:Parsed command line arguments: Namespace(allow_overriding=[], ament_cmake_args=None, base_paths=['.'], build_base='build', catkin_cmake_args=None, catkin_skip_building_tests=False, cmake_args=None, cmake_clean_cache=False, cmake_clean_first=False, cmake_force_configure=False, cmake_target=None, cmake_target_skip_unavailable=False, continue_on_error=False, event_handlers=None, executor='parallel', ignore_user_meta=False, install_base='install', log_base=None, log_level=None, main=<bound method BuildVerb.main of <colcon_core.verb.build.BuildVerb object at 0x7f12bdcacb80>>, merge_install=False, metas=['./colcon.meta'], packages_above=None, packages_above_and_dependencies=None, packages_above_depth=None, packages_end=None, packages_ignore=None, packages_ignore_regex=None, packages_select=None, packages_select_build_failed=False, packages_select_by_dep=None, packages_select_regex=None, packages_select_test_failures=False, packages_skip=None, packages_skip_build_finished=False, packages_skip_by_dep=None, packages_skip_regex=None, packages_skip_test_passed=False, packages_skip_up_to=None, packages_start=None, packages_up_to=None, packages_up_to_regex=None, parallel_workers=8, paths=None, symlink_install=False, test_result_base=None, verb_extension=<colcon_core.verb.build.BuildVerb object at 0x7f12bdcacb80>, verb_name='build', verb_parser=<colcon_defaults.argument_parser.defaults.DefaultArgumentsDecorator object at 0x7f12bd88e340>)
[4.836s] Level 1:colcon.colcon_core.package_discovery:discover_packages(colcon_meta) check parameters
[4.836s] Level 1:colcon.colcon_core.package_discovery:discover_packages(recursive) check parameters
[4.836s] Level 1:colcon.colcon_core.package_discovery:discover_packages(ignore) check parameters
[4.836s] Level 1:colcon.colcon_core.package_discovery:discover_packages(path) check parameters
[4.836s] Level 1:colcon.colcon_core.package_discovery:discover_packages(colcon_meta) discover
[4.836s] Level 1:colcon.colcon_core.package_discovery:discover_packages(recursive) discover
[4.836s] INFO:colcon.colcon_core.package_discovery:Crawling recursively for packages in '/home/joel/Descargas/IR2121'
[4.836s] Level 1:colcon.colcon_core.package_identification:_identify(.) by extensions ['ignore', 'ignore_ament_install']
[4.837s] Level 1:colcon.colcon_core.package_identification:_identify(.) by extension 'ignore'
[4.837s] Level 1:colcon.colcon_core.package_identification:_identify(.) by extension 'ignore_ament_install'
[4.837s] Level 1:colcon.colcon_core.package_identification:_identify(.) by extensions ['colcon_pkg']
[4.837s] Level 1:colcon.colcon_core.package_identification:_identify(.) by extension 'colcon_pkg'
[4.837s] Level 1:colcon.colcon_core.package_identification:_identify(.) by extensions ['colcon_meta']
[4.837s] Level 1:colcon.colcon_core.package_identification:_identify(.) by extension 'colcon_meta'
[4.837s] Level 1:colcon.colcon_core.package_identification:_identify(.) by extensions ['ros']
[4.837s] Level 1:colcon.colcon_core.package_identification:_identify(.) by extension 'ros'
[4.867s] Level 1:colcon.colcon_core.package_identification:_identify(.) by extensions ['cmake', 'python']
[4.868s] Level 1:colcon.colcon_core.package_identification:_identify(.) by extension 'cmake'
[4.868s] Level 1:colcon.colcon_core.package_identification:_identify(.) by extension 'python'
[4.868s] Level 1:colcon.colcon_core.package_identification:_identify(.) by extensions ['python_setup_py']
[4.868s] Level 1:colcon.colcon_core.package_identification:_identify(.) by extension 'python_setup_py'
[4.868s] Level 1:colcon.colcon_core.package_identification:_identify(Teleoperation) by extensions ['ignore', 'ignore_ament_install']
[4.868s] Level 1:colcon.colcon_core.package_identification:_identify(Teleoperation) by extension 'ignore'
[4.868s] Level 1:colcon.colcon_core.package_identification:_identify(Teleoperation) by extension 'ignore_ament_install'
[4.868s] Level 1:colcon.colcon_core.package_identification:_identify(Teleoperation) by extensions ['colcon_pkg']
[4.868s] Level 1:colcon.colcon_core.package_identification:_identify(Teleoperation) by extension 'colcon_pkg'
[4.868s] Level 1:colcon.colcon_core.package_identification:_identify(Teleoperation) by extensions ['colcon_meta']
[4.868s] Level 1:colcon.colcon_core.package_identification:_identify(Teleoperation) by extension 'colcon_meta'
[4.868s] Level 1:colcon.colcon_core.package_identification:_identify(Teleoperation) by extensions ['ros']
[4.868s] Level 1:colcon.colcon_core.package_identification:_identify(Teleoperation) by extension 'ros'
[4.869s] Level 1:colcon.colcon_core.package_identification:_identify(Teleoperation) by extensions ['cmake', 'python']
[4.869s] Level 1:colcon.colcon_core.package_identification:_identify(Teleoperation) by extension 'cmake'
[4.869s] Level 1:colcon.colcon_core.package_identification:_identify(Teleoperation) by extension 'python'
[4.869s] Level 1:colcon.colcon_core.package_identification:_identify(Teleoperation) by extensions ['python_setup_py']
[4.869s] Level 1:colcon.colcon_core.package_identification:_identify(Teleoperation) by extension 'python_setup_py'
[4.869s] Level 1:colcon.colcon_core.package_identification:_identify(Teleoperation/scripts) by extensions ['ignore', 'ignore_ament_install']
[4.869s] Level 1:colcon.colcon_core.package_identification:_identify(Teleoperation/scripts) by extension 'ignore'
[4.869s] Level 1:colcon.colcon_core.package_identification:_identify(Teleoperation/scripts) by extension 'ignore_ament_install'
[4.869s] Level 1:colcon.colcon_core.package_identification:_identify(Teleoperation/scripts) by extensions ['colcon_pkg']
[4.869s] Level 1:colcon.colcon_core.package_identification:_identify(Teleoperation/scripts) by extension 'colcon_pkg'
[4.869s] Level 1:colcon.colcon_core.package_identification:_identify(Teleoperation/scripts) by extensions ['colcon_meta']
[4.869s] Level 1:colcon.colcon_core.package_identification:_identify(Teleoperation/scripts) by extension 'colcon_meta'
[4.869s] Level 1:colcon.colcon_core.package_identification:_identify(Teleoperation/scripts) by extensions ['ros']
[4.869s] Level 1:colcon.colcon_core.package_identification:_identify(Teleoperation/scripts) by extension 'ros'
[4.869s] Level 1:colcon.colcon_core.package_identification:_identify(Teleoperation/scripts) by extensions ['cmake', 'python']
[4.870s] Level 1:colcon.colcon_core.package_identification:_identify(Teleoperation/scripts) by extension 'cmake'
[4.870s] Level 1:colcon.colcon_core.package_identification:_identify(Teleoperation/scripts) by extension 'python'
[4.870s] Level 1:colcon.colcon_core.package_identification:_identify(Teleoperation/scripts) by extensions ['python_setup_py']
[4.870s] Level 1:colcon.colcon_core.package_identification:_identify(Teleoperation/scripts) by extension 'python_setup_py'
[4.870s] Level 1:colcon.colcon_core.package_identification:_identify(Teleoperation/scripts/rosbag2_2023_09_13-15_30_38) by extensions ['ignore', 'ignore_ament_install']
[4.870s] Level 1:colcon.colcon_core.package_identification:_identify(Teleoperation/scripts/rosbag2_2023_09_13-15_30_38) by extension 'ignore'
[4.870s] Level 1:colcon.colcon_core.package_identification:_identify(Teleoperation/scripts/rosbag2_2023_09_13-15_30_38) by extension 'ignore_ament_install'
[4.870s] Level 1:colcon.colcon_core.package_identification:_identify(Teleoperation/scripts/rosbag2_2023_09_13-15_30_38) by extensions ['colcon_pkg']
[4.870s] Level 1:colcon.colcon_core.package_identification:_identify(Teleoperation/scripts/rosbag2_2023_09_13-15_30_38) by extension 'colcon_pkg'
[4.870s] Level 1:colcon.colcon_core.package_identification:_identify(Teleoperation/scripts/rosbag2_2023_09_13-15_30_38) by extensions ['colcon_meta']
[4.870s] Level 1:colcon.colcon_core.package_identification:_identify(Teleoperation/scripts/rosbag2_2023_09_13-15_30_38) by extension 'colcon_meta'
[4.870s] Level 1:colcon.colcon_core.package_identification:_identify(Teleoperation/scripts/rosbag2_2023_09_13-15_30_38) by extensions ['ros']
[4.870s] Level 1:colcon.colcon_core.package_identification:_identify(Teleoperation/scripts/rosbag2_2023_09_13-15_30_38) by extension 'ros'
[4.870s] Level 1:colcon.colcon_core.package_identification:_identify(Teleoperation/scripts/rosbag2_2023_09_13-15_30_38) by extensions ['cmake', 'python']
[4.870s] Level 1:colcon.colcon_core.package_identification:_identify(Teleoperation/scripts/rosbag2_2023_09_13-15_30_38) by extension 'cmake'
[4.871s] Level 1:colcon.colcon_core.package_identification:_identify(Teleoperation/scripts/rosbag2_2023_09_13-15_30_38) by extension 'python'
[4.871s] Level 1:colcon.colcon_core.package_identification:_identify(Teleoperation/scripts/rosbag2_2023_09_13-15_30_38) by extensions ['python_setup_py']
[4.871s] Level 1:colcon.colcon_core.package_identification:_identify(Teleoperation/scripts/rosbag2_2023_09_13-15_30_38) by extension 'python_setup_py'
[4.871s] Level 1:colcon.colcon_core.package_identification:_identify(Teleoperation/scripts/rosbag2_2023_09_13-16_05_03) by extensions ['ignore', 'ignore_ament_install']
[4.871s] Level 1:colcon.colcon_core.package_identification:_identify(Teleoperation/scripts/rosbag2_2023_09_13-16_05_03) by extension 'ignore'
[4.871s] Level 1:colcon.colcon_core.package_identification:_identify(Teleoperation/scripts/rosbag2_2023_09_13-16_05_03) by extension 'ignore_ament_install'
[4.871s] Level 1:colcon.colcon_core.package_identification:_identify(Teleoperation/scripts/rosbag2_2023_09_13-16_05_03) by extensions ['colcon_pkg']
[4.871s] Level 1:colcon.colcon_core.package_identification:_identify(Teleoperation/scripts/rosbag2_2023_09_13-16_05_03) by extension 'colcon_pkg'
[4.871s] Level 1:colcon.colcon_core.package_identification:_identify(Teleoperation/scripts/rosbag2_2023_09_13-16_05_03) by extensions ['colcon_meta']
[4.871s] Level 1:colcon.colcon_core.package_identification:_identify(Teleoperation/scripts/rosbag2_2023_09_13-16_05_03) by extension 'colcon_meta'
[4.871s] Level 1:colcon.colcon_core.package_identification:_identify(Teleoperation/scripts/rosbag2_2023_09_13-16_05_03) by extensions ['ros']
[4.871s] Level 1:colcon.colcon_core.package_identification:_identify(Teleoperation/scripts/rosbag2_2023_09_13-16_05_03) by extension 'ros'
[4.871s] Level 1:colcon.colcon_core.package_identification:_identify(Teleoperation/scripts/rosbag2_2023_09_13-16_05_03) by extensions ['cmake', 'python']
[4.871s] Level 1:colcon.colcon_core.package_identification:_identify(Teleoperation/scripts/rosbag2_2023_09_13-16_05_03) by extension 'cmake'
[4.871s] Level 1:colcon.colcon_core.package_identification:_identify(Teleoperation/scripts/rosbag2_2023_09_13-16_05_03) by extension 'python'
[4.871s] Level 1:colcon.colcon_core.package_identification:_identify(Teleoperation/scripts/rosbag2_2023_09_13-16_05_03) by extensions ['python_setup_py']
[4.872s] Level 1:colcon.colcon_core.package_identification:_identify(Teleoperation/scripts/rosbag2_2023_09_13-16_05_03) by extension 'python_setup_py'
[4.872s] Level 1:colcon.colcon_core.package_identification:_identify(Teleoperation/scripts/rosbag2_2023_09_13-16_40_42) by extensions ['ignore', 'ignore_ament_install']
[4.872s] Level 1:colcon.colcon_core.package_identification:_identify(Teleoperation/scripts/rosbag2_2023_09_13-16_40_42) by extension 'ignore'
[4.872s] Level 1:colcon.colcon_core.package_identification:_identify(Teleoperation/scripts/rosbag2_2023_09_13-16_40_42) by extension 'ignore_ament_install'
[4.872s] Level 1:colcon.colcon_core.package_identification:_identify(Teleoperation/scripts/rosbag2_2023_09_13-16_40_42) by extensions ['colcon_pkg']
[4.872s] Level 1:colcon.colcon_core.package_identification:_identify(Teleoperation/scripts/rosbag2_2023_09_13-16_40_42) by extension 'colcon_pkg'
[4.872s] Level 1:colcon.colcon_core.package_identification:_identify(Teleoperation/scripts/rosbag2_2023_09_13-16_40_42) by extensions ['colcon_meta']
[4.872s] Level 1:colcon.colcon_core.package_identification:_identify(Teleoperation/scripts/rosbag2_2023_09_13-16_40_42) by extension 'colcon_meta'
[4.872s] Level 1:colcon.colcon_core.package_identification:_identify(Teleoperation/scripts/rosbag2_2023_09_13-16_40_42) by extensions ['ros']
[4.872s] Level 1:colcon.colcon_core.package_identification:_identify(Teleoperation/scripts/rosbag2_2023_09_13-16_40_42) by extension 'ros'
[4.873s] Level 1:colcon.colcon_core.package_identification:_identify(Teleoperation/scripts/rosbag2_2023_09_13-16_40_42) by extensions ['cmake', 'python']
[4.873s] Level 1:colcon.colcon_core.package_identification:_identify(Teleoperation/scripts/rosbag2_2023_09_13-16_40_42) by extension 'cmake'
[4.873s] Level 1:colcon.colcon_core.package_identification:_identify(Teleoperation/scripts/rosbag2_2023_09_13-16_40_42) by extension 'python'
[4.873s] Level 1:colcon.colcon_core.package_identification:_identify(Teleoperation/scripts/rosbag2_2023_09_13-16_40_42) by extensions ['python_setup_py']
[4.873s] Level 1:colcon.colcon_core.package_identification:_identify(Teleoperation/scripts/rosbag2_2023_09_13-16_40_42) by extension 'python_setup_py'
[4.873s] Level 1:colcon.colcon_core.package_identification:_identify(Teleoperation/scripts/rosbag2_2023_09_25-16_26_03) by extensions ['ignore', 'ignore_ament_install']
[4.873s] Level 1:colcon.colcon_core.package_identification:_identify(Teleoperation/scripts/rosbag2_2023_09_25-16_26_03) by extension 'ignore'
[4.873s] Level 1:colcon.colcon_core.package_identification:_identify(Teleoperation/scripts/rosbag2_2023_09_25-16_26_03) by extension 'ignore_ament_install'
[4.873s] Level 1:colcon.colcon_core.package_identification:_identify(Teleoperation/scripts/rosbag2_2023_09_25-16_26_03) by extensions ['colcon_pkg']
[4.873s] Level 1:colcon.colcon_core.package_identification:_identify(Teleoperation/scripts/rosbag2_2023_09_25-16_26_03) by extension 'colcon_pkg'
[4.873s] Level 1:colcon.colcon_core.package_identification:_identify(Teleoperation/scripts/rosbag2_2023_09_25-16_26_03) by extensions ['colcon_meta']
[4.874s] Level 1:colcon.colcon_core.package_identification:_identify(Teleoperation/scripts/rosbag2_2023_09_25-16_26_03) by extension 'colcon_meta'
[4.874s] Level 1:colcon.colcon_core.package_identification:_identify(Teleoperation/scripts/rosbag2_2023_09_25-16_26_03) by extensions ['ros']
[4.874s] Level 1:colcon.colcon_core.package_identification:_identify(Teleoperation/scripts/rosbag2_2023_09_25-16_26_03) by extension 'ros'
[4.874s] Level 1:colcon.colcon_core.package_identification:_identify(Teleoperation/scripts/rosbag2_2023_09_25-16_26_03) by extensions ['cmake', 'python']
[4.874s] Level 1:colcon.colcon_core.package_identification:_identify(Teleoperation/scripts/rosbag2_2023_09_25-16_26_03) by extension 'cmake'
[4.874s] Level 1:colcon.colcon_core.package_identification:_identify(Teleoperation/scripts/rosbag2_2023_09_25-16_26_03) by extension 'python'
[4.874s] Level 1:colcon.colcon_core.package_identification:_identify(Teleoperation/scripts/rosbag2_2023_09_25-16_26_03) by extensions ['python_setup_py']
[4.874s] Level 1:colcon.colcon_core.package_identification:_identify(Teleoperation/scripts/rosbag2_2023_09_25-16_26_03) by extension 'python_setup_py'
[4.874s] Level 1:colcon.colcon_core.package_identification:_identify(Teleoperation/scripts/rosbag2_2023_09_25-16_39_41) by extensions ['ignore', 'ignore_ament_install']
[4.874s] Level 1:colcon.colcon_core.package_identification:_identify(Teleoperation/scripts/rosbag2_2023_09_25-16_39_41) by extension 'ignore'
[4.874s] Level 1:colcon.colcon_core.package_identification:_identify(Teleoperation/scripts/rosbag2_2023_09_25-16_39_41) by extension 'ignore_ament_install'
[4.874s] Level 1:colcon.colcon_core.package_identification:_identify(Teleoperation/scripts/rosbag2_2023_09_25-16_39_41) by extensions ['colcon_pkg']
[4.874s] Level 1:colcon.colcon_core.package_identification:_identify(Teleoperation/scripts/rosbag2_2023_09_25-16_39_41) by extension 'colcon_pkg'
[4.874s] Level 1:colcon.colcon_core.package_identification:_identify(Teleoperation/scripts/rosbag2_2023_09_25-16_39_41) by extensions ['colcon_meta']
[4.874s] Level 1:colcon.colcon_core.package_identification:_identify(Teleoperation/scripts/rosbag2_2023_09_25-16_39_41) by extension 'colcon_meta'
[4.874s] Level 1:colcon.colcon_core.package_identification:_identify(Teleoperation/scripts/rosbag2_2023_09_25-16_39_41) by extensions ['ros']
[4.874s] Level 1:colcon.colcon_core.package_identification:_identify(Teleoperation/scripts/rosbag2_2023_09_25-16_39_41) by extension 'ros'
[4.875s] Level 1:colcon.colcon_core.package_identification:_identify(Teleoperation/scripts/rosbag2_2023_09_25-16_39_41) by extensions ['cmake', 'python']
[4.875s] Level 1:colcon.colcon_core.package_identification:_identify(Teleoperation/scripts/rosbag2_2023_09_25-16_39_41) by extension 'cmake'
[4.875s] Level 1:colcon.colcon_core.package_identification:_identify(Teleoperation/scripts/rosbag2_2023_09_25-16_39_41) by extension 'python'
[4.875s] Level 1:colcon.colcon_core.package_identification:_identify(Teleoperation/scripts/rosbag2_2023_09_25-16_39_41) by extensions ['python_setup_py']
[4.875s] Level 1:colcon.colcon_core.package_identification:_identify(Teleoperation/scripts/rosbag2_2023_09_25-16_39_41) by extension 'python_setup_py'
[4.875s] Level 1:colcon.colcon_core.package_identification:_identify(Teleoperation/scripts/rosbag2_2023_09_27-13_39_35) by extensions ['ignore', 'ignore_ament_install']
[4.875s] Level 1:colcon.colcon_core.package_identification:_identify(Teleoperation/scripts/rosbag2_2023_09_27-13_39_35) by extension 'ignore'
[4.875s] Level 1:colcon.colcon_core.package_identification:_identify(Teleoperation/scripts/rosbag2_2023_09_27-13_39_35) by extension 'ignore_ament_install'
[4.875s] Level 1:colcon.colcon_core.package_identification:_identify(Teleoperation/scripts/rosbag2_2023_09_27-13_39_35) by extensions ['colcon_pkg']
[4.875s] Level 1:colcon.colcon_core.package_identification:_identify(Teleoperation/scripts/rosbag2_2023_09_27-13_39_35) by extension 'colcon_pkg'
[4.875s] Level 1:colcon.colcon_core.package_identification:_identify(Teleoperation/scripts/rosbag2_2023_09_27-13_39_35) by extensions ['colcon_meta']
[4.875s] Level 1:colcon.colcon_core.package_identification:_identify(Teleoperation/scripts/rosbag2_2023_09_27-13_39_35) by extension 'colcon_meta'
[4.875s] Level 1:colcon.colcon_core.package_identification:_identify(Teleoperation/scripts/rosbag2_2023_09_27-13_39_35) by extensions ['ros']
[4.875s] Level 1:colcon.colcon_core.package_identification:_identify(Teleoperation/scripts/rosbag2_2023_09_27-13_39_35) by extension 'ros'
[4.875s] Level 1:colcon.colcon_core.package_identification:_identify(Teleoperation/scripts/rosbag2_2023_09_27-13_39_35) by extensions ['cmake', 'python']
[4.875s] Level 1:colcon.colcon_core.package_identification:_identify(Teleoperation/scripts/rosbag2_2023_09_27-13_39_35) by extension 'cmake'
[4.876s] Level 1:colcon.colcon_core.package_identification:_identify(Teleoperation/scripts/rosbag2_2023_09_27-13_39_35) by extension 'python'
[4.876s] Level 1:colcon.colcon_core.package_identification:_identify(Teleoperation/scripts/rosbag2_2023_09_27-13_39_35) by extensions ['python_setup_py']
[4.876s] Level 1:colcon.colcon_core.package_identification:_identify(Teleoperation/scripts/rosbag2_2023_09_27-13_39_35) by extension 'python_setup_py'
[4.876s] Level 1:colcon.colcon_core.package_identification:_identify(Teleoperation/scripts/rosbag2_2023_09_27-16_31_26) by extensions ['ignore', 'ignore_ament_install']
[4.876s] Level 1:colcon.colcon_core.package_identification:_identify(Teleoperation/scripts/rosbag2_2023_09_27-16_31_26) by extension 'ignore'
[4.876s] Level 1:colcon.colcon_core.package_identification:_identify(Teleoperation/scripts/rosbag2_2023_09_27-16_31_26) by extension 'ignore_ament_install'
[4.876s] Level 1:colcon.colcon_core.package_identification:_identify(Teleoperation/scripts/rosbag2_2023_09_27-16_31_26) by extensions ['colcon_pkg']
[4.876s] Level 1:colcon.colcon_core.package_identification:_identify(Teleoperation/scripts/rosbag2_2023_09_27-16_31_26) by extension 'colcon_pkg'
[4.876s] Level 1:colcon.colcon_core.package_identification:_identify(Teleoperation/scripts/rosbag2_2023_09_27-16_31_26) by extensions ['colcon_meta']
[4.876s] Level 1:colcon.colcon_core.package_identification:_identify(Teleoperation/scripts/rosbag2_2023_09_27-16_31_26) by extension 'colcon_meta'
[4.877s] Level 1:colcon.colcon_core.package_identification:_identify(Teleoperation/scripts/rosbag2_2023_09_27-16_31_26) by extensions ['ros']
[4.877s] Level 1:colcon.colcon_core.package_identification:_identify(Teleoperation/scripts/rosbag2_2023_09_27-16_31_26) by extension 'ros'
[4.877s] Level 1:colcon.colcon_core.package_identification:_identify(Teleoperation/scripts/rosbag2_2023_09_27-16_31_26) by extensions ['cmake', 'python']
[4.877s] Level 1:colcon.colcon_core.package_identification:_identify(Teleoperation/scripts/rosbag2_2023_09_27-16_31_26) by extension 'cmake'
[4.877s] Level 1:colcon.colcon_core.package_identification:_identify(Teleoperation/scripts/rosbag2_2023_09_27-16_31_26) by extension 'python'
[4.877s] Level 1:colcon.colcon_core.package_identification:_identify(Teleoperation/scripts/rosbag2_2023_09_27-16_31_26) by extensions ['python_setup_py']
[4.877s] Level 1:colcon.colcon_core.package_identification:_identify(Teleoperation/scripts/rosbag2_2023_09_27-16_31_26) by extension 'python_setup_py'
[4.877s] Level 1:colcon.colcon_core.package_identification:_identify(Teleoperation/scripts/rosbag2_2023_10_23-18_46_16) by extensions ['ignore', 'ignore_ament_install']
[4.877s] Level 1:colcon.colcon_core.package_identification:_identify(Teleoperation/scripts/rosbag2_2023_10_23-18_46_16) by extension 'ignore'
[4.877s] Level 1:colcon.colcon_core.package_identification:_identify(Teleoperation/scripts/rosbag2_2023_10_23-18_46_16) by extension 'ignore_ament_install'
[4.877s] Level 1:colcon.colcon_core.package_identification:_identify(Teleoperation/scripts/rosbag2_2023_10_23-18_46_16) by extensions ['colcon_pkg']
[4.877s] Level 1:colcon.colcon_core.package_identification:_identify(Teleoperation/scripts/rosbag2_2023_10_23-18_46_16) by extension 'colcon_pkg'
[4.878s] Level 1:colcon.colcon_core.package_identification:_identify(Teleoperation/scripts/rosbag2_2023_10_23-18_46_16) by extensions ['colcon_meta']
[4.878s] Level 1:colcon.colcon_core.package_identification:_identify(Teleoperation/scripts/rosbag2_2023_10_23-18_46_16) by extension 'colcon_meta'
[4.878s] Level 1:colcon.colcon_core.package_identification:_identify(Teleoperation/scripts/rosbag2_2023_10_23-18_46_16) by extensions ['ros']
[4.878s] Level 1:colcon.colcon_core.package_identification:_identify(Teleoperation/scripts/rosbag2_2023_10_23-18_46_16) by extension 'ros'
[4.878s] Level 1:colcon.colcon_core.package_identification:_identify(Teleoperation/scripts/rosbag2_2023_10_23-18_46_16) by extensions ['cmake', 'python']
[4.878s] Level 1:colcon.colcon_core.package_identification:_identify(Teleoperation/scripts/rosbag2_2023_10_23-18_46_16) by extension 'cmake'
[4.878s] Level 1:colcon.colcon_core.package_identification:_identify(Teleoperation/scripts/rosbag2_2023_10_23-18_46_16) by extension 'python'
[4.878s] Level 1:colcon.colcon_core.package_identification:_identify(Teleoperation/scripts/rosbag2_2023_10_23-18_46_16) by extensions ['python_setup_py']
[4.878s] Level 1:colcon.colcon_core.package_identification:_identify(Teleoperation/scripts/rosbag2_2023_10_23-18_46_16) by extension 'python_setup_py'
[4.878s] Level 1:colcon.colcon_core.package_identification:_identify(Teleoperation/scripts/rosbag2_2023_10_25-16_35_56) by extensions ['ignore', 'ignore_ament_install']
[4.878s] Level 1:colcon.colcon_core.package_identification:_identify(Teleoperation/scripts/rosbag2_2023_10_25-16_35_56) by extension 'ignore'
[4.878s] Level 1:colcon.colcon_core.package_identification:_identify(Teleoperation/scripts/rosbag2_2023_10_25-16_35_56) by extension 'ignore_ament_install'
[4.878s] Level 1:colcon.colcon_core.package_identification:_identify(Teleoperation/scripts/rosbag2_2023_10_25-16_35_56) by extensions ['colcon_pkg']
[4.878s] Level 1:colcon.colcon_core.package_identification:_identify(Teleoperation/scripts/rosbag2_2023_10_25-16_35_56) by extension 'colcon_pkg'
[4.879s] Level 1:colcon.colcon_core.package_identification:_identify(Teleoperation/scripts/rosbag2_2023_10_25-16_35_56) by extensions ['colcon_meta']
[4.879s] Level 1:colcon.colcon_core.package_identification:_identify(Teleoperation/scripts/rosbag2_2023_10_25-16_35_56) by extension 'colcon_meta'
[4.879s] Level 1:colcon.colcon_core.package_identification:_identify(Teleoperation/scripts/rosbag2_2023_10_25-16_35_56) by extensions ['ros']
[4.879s] Level 1:colcon.colcon_core.package_identification:_identify(Teleoperation/scripts/rosbag2_2023_10_25-16_35_56) by extension 'ros'
[4.879s] Level 1:colcon.colcon_core.package_identification:_identify(Teleoperation/scripts/rosbag2_2023_10_25-16_35_56) by extensions ['cmake', 'python']
[4.879s] Level 1:colcon.colcon_core.package_identification:_identify(Teleoperation/scripts/rosbag2_2023_10_25-16_35_56) by extension 'cmake'
[4.879s] Level 1:colcon.colcon_core.package_identification:_identify(Teleoperation/scripts/rosbag2_2023_10_25-16_35_56) by extension 'python'
[4.879s] Level 1:colcon.colcon_core.package_identification:_identify(Teleoperation/scripts/rosbag2_2023_10_25-16_35_56) by extensions ['python_setup_py']
[4.879s] Level 1:colcon.colcon_core.package_identification:_identify(Teleoperation/scripts/rosbag2_2023_10_25-16_35_56) by extension 'python_setup_py'
[4.880s] Level 1:colcon.colcon_core.package_identification:_identify(Teleoperation/scripts/rosbag2_2023_10_25-16_36_22) by extensions ['ignore', 'ignore_ament_install']
[4.880s] Level 1:colcon.colcon_core.package_identification:_identify(Teleoperation/scripts/rosbag2_2023_10_25-16_36_22) by extension 'ignore'
[4.880s] Level 1:colcon.colcon_core.package_identification:_identify(Teleoperation/scripts/rosbag2_2023_10_25-16_36_22) by extension 'ignore_ament_install'
[4.880s] Level 1:colcon.colcon_core.package_identification:_identify(Teleoperation/scripts/rosbag2_2023_10_25-16_36_22) by extensions ['colcon_pkg']
[4.880s] Level 1:colcon.colcon_core.package_identification:_identify(Teleoperation/scripts/rosbag2_2023_10_25-16_36_22) by extension 'colcon_pkg'
[4.880s] Level 1:colcon.colcon_core.package_identification:_identify(Teleoperation/scripts/rosbag2_2023_10_25-16_36_22) by extensions ['colcon_meta']
[4.880s] Level 1:colcon.colcon_core.package_identification:_identify(Teleoperation/scripts/rosbag2_2023_10_25-16_36_22) by extension 'colcon_meta'
[4.880s] Level 1:colcon.colcon_core.package_identification:_identify(Teleoperation/scripts/rosbag2_2023_10_25-16_36_22) by extensions ['ros']
[4.880s] Level 1:colcon.colcon_core.package_identification:_identify(Teleoperation/scripts/rosbag2_2023_10_25-16_36_22) by extension 'ros'
[4.880s] Level 1:colcon.colcon_core.package_identification:_identify(Teleoperation/scripts/rosbag2_2023_10_25-16_36_22) by extensions ['cmake', 'python']
[4.880s] Level 1:colcon.colcon_core.package_identification:_identify(Teleoperation/scripts/rosbag2_2023_10_25-16_36_22) by extension 'cmake'
[4.880s] Level 1:colcon.colcon_core.package_identification:_identify(Teleoperation/scripts/rosbag2_2023_10_25-16_36_22) by extension 'python'
[4.880s] Level 1:colcon.colcon_core.package_identification:_identify(Teleoperation/scripts/rosbag2_2023_10_25-16_36_22) by extensions ['python_setup_py']
[4.880s] Level 1:colcon.colcon_core.package_identification:_identify(Teleoperation/scripts/rosbag2_2023_10_25-16_36_22) by extension 'python_setup_py'
[4.881s] Level 1:colcon.colcon_core.package_identification:_identify(Teleoperation/scripts/rosbag2_2023_10_25-16_37_13) by extensions ['ignore', 'ignore_ament_install']
[4.881s] Level 1:colcon.colcon_core.package_identification:_identify(Teleoperation/scripts/rosbag2_2023_10_25-16_37_13) by extension 'ignore'
[4.881s] Level 1:colcon.colcon_core.package_identification:_identify(Teleoperation/scripts/rosbag2_2023_10_25-16_37_13) by extension 'ignore_ament_install'
[4.881s] Level 1:colcon.colcon_core.package_identification:_identify(Teleoperation/scripts/rosbag2_2023_10_25-16_37_13) by extensions ['colcon_pkg']
[4.881s] Level 1:colcon.colcon_core.package_identification:_identify(Teleoperation/scripts/rosbag2_2023_10_25-16_37_13) by extension 'colcon_pkg'
[4.881s] Level 1:colcon.colcon_core.package_identification:_identify(Teleoperation/scripts/rosbag2_2023_10_25-16_37_13) by extensions ['colcon_meta']
[4.881s] Level 1:colcon.colcon_core.package_identification:_identify(Teleoperation/scripts/rosbag2_2023_10_25-16_37_13) by extension 'colcon_meta'
[4.881s] Level 1:colcon.colcon_core.package_identification:_identify(Teleoperation/scripts/rosbag2_2023_10_25-16_37_13) by extensions ['ros']
[4.881s] Level 1:colcon.colcon_core.package_identification:_identify(Teleoperation/scripts/rosbag2_2023_10_25-16_37_13) by extension 'ros'
[4.881s] Level 1:colcon.colcon_core.package_identification:_identify(Teleoperation/scripts/rosbag2_2023_10_25-16_37_13) by extensions ['cmake', 'python']
[4.881s] Level 1:colcon.colcon_core.package_identification:_identify(Teleoperation/scripts/rosbag2_2023_10_25-16_37_13) by extension 'cmake'
[4.882s] Level 1:colcon.colcon_core.package_identification:_identify(Teleoperation/scripts/rosbag2_2023_10_25-16_37_13) by extension 'python'
[4.882s] Level 1:colcon.colcon_core.package_identification:_identify(Teleoperation/scripts/rosbag2_2023_10_25-16_37_13) by extensions ['python_setup_py']
[4.882s] Level 1:colcon.colcon_core.package_identification:_identify(Teleoperation/scripts/rosbag2_2023_10_25-16_37_13) by extension 'python_setup_py'
[4.882s] Level 1:colcon.colcon_core.package_identification:_identify(Teleoperation/scripts/rosbag2_2023_10_25-16_37_28) by extensions ['ignore', 'ignore_ament_install']
[4.882s] Level 1:colcon.colcon_core.package_identification:_identify(Teleoperation/scripts/rosbag2_2023_10_25-16_37_28) by extension 'ignore'
[4.882s] Level 1:colcon.colcon_core.package_identification:_identify(Teleoperation/scripts/rosbag2_2023_10_25-16_37_28) by extension 'ignore_ament_install'
[4.882s] Level 1:colcon.colcon_core.package_identification:_identify(Teleoperation/scripts/rosbag2_2023_10_25-16_37_28) by extensions ['colcon_pkg']
[4.882s] Level 1:colcon.colcon_core.package_identification:_identify(Teleoperation/scripts/rosbag2_2023_10_25-16_37_28) by extension 'colcon_pkg'
[4.882s] Level 1:colcon.colcon_core.package_identification:_identify(Teleoperation/scripts/rosbag2_2023_10_25-16_37_28) by extensions ['colcon_meta']
[4.882s] Level 1:colcon.colcon_core.package_identification:_identify(Teleoperation/scripts/rosbag2_2023_10_25-16_37_28) by extension 'colcon_meta'
[4.882s] Level 1:colcon.colcon_core.package_identification:_identify(Teleoperation/scripts/rosbag2_2023_10_25-16_37_28) by extensions ['ros']
[4.882s] Level 1:colcon.colcon_core.package_identification:_identify(Teleoperation/scripts/rosbag2_2023_10_25-16_37_28) by extension 'ros'
[4.883s] Level 1:colcon.colcon_core.package_identification:_identify(Teleoperation/scripts/rosbag2_2023_10_25-16_37_28) by extensions ['cmake', 'python']
[4.883s] Level 1:colcon.colcon_core.package_identification:_identify(Teleoperation/scripts/rosbag2_2023_10_25-16_37_28) by extension 'cmake'
[4.883s] Level 1:colcon.colcon_core.package_identification:_identify(Teleoperation/scripts/rosbag2_2023_10_25-16_37_28) by extension 'python'
[4.883s] Level 1:colcon.colcon_core.package_identification:_identify(Teleoperation/scripts/rosbag2_2023_10_25-16_37_28) by extensions ['python_setup_py']
[4.883s] Level 1:colcon.colcon_core.package_identification:_identify(Teleoperation/scripts/rosbag2_2023_10_25-16_37_28) by extension 'python_setup_py'
[4.883s] Level 1:colcon.colcon_core.package_identification:_identify(Teleoperation/scripts/rosbag2_2023_10_25-17_10_22) by extensions ['ignore', 'ignore_ament_install']
[4.883s] Level 1:colcon.colcon_core.package_identification:_identify(Teleoperation/scripts/rosbag2_2023_10_25-17_10_22) by extension 'ignore'
[4.883s] Level 1:colcon.colcon_core.package_identification:_identify(Teleoperation/scripts/rosbag2_2023_10_25-17_10_22) by extension 'ignore_ament_install'
[4.883s] Level 1:colcon.colcon_core.package_identification:_identify(Teleoperation/scripts/rosbag2_2023_10_25-17_10_22) by extensions ['colcon_pkg']
[4.883s] Level 1:colcon.colcon_core.package_identification:_identify(Teleoperation/scripts/rosbag2_2023_10_25-17_10_22) by extension 'colcon_pkg'
[4.883s] Level 1:colcon.colcon_core.package_identification:_identify(Teleoperation/scripts/rosbag2_2023_10_25-17_10_22) by extensions ['colcon_meta']
[4.883s] Level 1:colcon.colcon_core.package_identification:_identify(Teleoperation/scripts/rosbag2_2023_10_25-17_10_22) by extension 'colcon_meta'
[4.884s] Level 1:colcon.colcon_core.package_identification:_identify(Teleoperation/scripts/rosbag2_2023_10_25-17_10_22) by extensions ['ros']
[4.884s] Level 1:colcon.colcon_core.package_identification:_identify(Teleoperation/scripts/rosbag2_2023_10_25-17_10_22) by extension 'ros'
[4.884s] Level 1:colcon.colcon_core.package_identification:_identify(Teleoperation/scripts/rosbag2_2023_10_25-17_10_22) by extensions ['cmake', 'python']
[4.884s] Level 1:colcon.colcon_core.package_identification:_identify(Teleoperation/scripts/rosbag2_2023_10_25-17_10_22) by extension 'cmake'
[4.884s] Level 1:colcon.colcon_core.package_identification:_identify(Teleoperation/scripts/rosbag2_2023_10_25-17_10_22) by extension 'python'
[4.884s] Level 1:colcon.colcon_core.package_identification:_identify(Teleoperation/scripts/rosbag2_2023_10_25-17_10_22) by extensions ['python_setup_py']
[4.884s] Level 1:colcon.colcon_core.package_identification:_identify(Teleoperation/scripts/rosbag2_2023_10_25-17_10_22) by extension 'python_setup_py'
[4.884s] Level 1:colcon.colcon_core.package_identification:_identify(Worlds) by extensions ['ignore', 'ignore_ament_install']
[4.884s] Level 1:colcon.colcon_core.package_identification:_identify(Worlds) by extension 'ignore'
[4.884s] Level 1:colcon.colcon_core.package_identification:_identify(Worlds) by extension 'ignore_ament_install'
[4.884s] Level 1:colcon.colcon_core.package_identification:_identify(Worlds) by extensions ['colcon_pkg']
[4.884s] Level 1:colcon.colcon_core.package_identification:_identify(Worlds) by extension 'colcon_pkg'
[4.884s] Level 1:colcon.colcon_core.package_identification:_identify(Worlds) by extensions ['colcon_meta']
[4.885s] Level 1:colcon.colcon_core.package_identification:_identify(Worlds) by extension 'colcon_meta'
[4.885s] Level 1:colcon.colcon_core.package_identification:_identify(Worlds) by extensions ['ros']
[4.885s] Level 1:colcon.colcon_core.package_identification:_identify(Worlds) by extension 'ros'
[4.885s] Level 1:colcon.colcon_core.package_identification:_identify(Worlds) by extensions ['cmake', 'python']
[4.885s] Level 1:colcon.colcon_core.package_identification:_identify(Worlds) by extension 'cmake'
[4.885s] Level 1:colcon.colcon_core.package_identification:_identify(Worlds) by extension 'python'
[4.885s] Level 1:colcon.colcon_core.package_identification:_identify(Worlds) by extensions ['python_setup_py']
[4.885s] Level 1:colcon.colcon_core.package_identification:_identify(Worlds) by extension 'python_setup_py'
[4.885s] Level 1:colcon.colcon_core.package_identification:_identify(Worlds/models) by extensions ['ignore', 'ignore_ament_install']
[4.885s] Level 1:colcon.colcon_core.package_identification:_identify(Worlds/models) by extension 'ignore'
[4.885s] Level 1:colcon.colcon_core.package_identification:_identify(Worlds/models) by extension 'ignore_ament_install'
[4.885s] Level 1:colcon.colcon_core.package_identification:_identify(Worlds/models) by extensions ['colcon_pkg']
[4.885s] Level 1:colcon.colcon_core.package_identification:_identify(Worlds/models) by extension 'colcon_pkg'
[4.885s] Level 1:colcon.colcon_core.package_identification:_identify(Worlds/models) by extensions ['colcon_meta']
[4.885s] Level 1:colcon.colcon_core.package_identification:_identify(Worlds/models) by extension 'colcon_meta'
[4.885s] Level 1:colcon.colcon_core.package_identification:_identify(Worlds/models) by extensions ['ros']
[4.886s] Level 1:colcon.colcon_core.package_identification:_identify(Worlds/models) by extension 'ros'
[4.886s] Level 1:colcon.colcon_core.package_identification:_identify(Worlds/models) by extensions ['cmake', 'python']
[4.886s] Level 1:colcon.colcon_core.package_identification:_identify(Worlds/models) by extension 'cmake'
[4.886s] Level 1:colcon.colcon_core.package_identification:_identify(Worlds/models) by extension 'python'
[4.886s] Level 1:colcon.colcon_core.package_identification:_identify(Worlds/models) by extensions ['python_setup_py']
[4.886s] Level 1:colcon.colcon_core.package_identification:_identify(Worlds/models) by extension 'python_setup_py'
[4.886s] Level 1:colcon.colcon_core.package_identification:_identify(Worlds/models/TD_n1) by extensions ['ignore', 'ignore_ament_install']
[4.886s] Level 1:colcon.colcon_core.package_identification:_identify(Worlds/models/TD_n1) by extension 'ignore'
[4.886s] Level 1:colcon.colcon_core.package_identification:_identify(Worlds/models/TD_n1) by extension 'ignore_ament_install'
[4.886s] Level 1:colcon.colcon_core.package_identification:_identify(Worlds/models/TD_n1) by extensions ['colcon_pkg']
[4.886s] Level 1:colcon.colcon_core.package_identification:_identify(Worlds/models/TD_n1) by extension 'colcon_pkg'
[4.886s] Level 1:colcon.colcon_core.package_identification:_identify(Worlds/models/TD_n1) by extensions ['colcon_meta']
[4.886s] Level 1:colcon.colcon_core.package_identification:_identify(Worlds/models/TD_n1) by extension 'colcon_meta'
[4.886s] Level 1:colcon.colcon_core.package_identification:_identify(Worlds/models/TD_n1) by extensions ['ros']
[4.886s] Level 1:colcon.colcon_core.package_identification:_identify(Worlds/models/TD_n1) by extension 'ros'
[4.886s] Level 1:colcon.colcon_core.package_identification:_identify(Worlds/models/TD_n1) by extensions ['cmake', 'python']
[4.887s] Level 1:colcon.colcon_core.package_identification:_identify(Worlds/models/TD_n1) by extension 'cmake'
[4.887s] Level 1:colcon.colcon_core.package_identification:_identify(Worlds/models/TD_n1) by extension 'python'
[4.887s] Level 1:colcon.colcon_core.package_identification:_identify(Worlds/models/TD_n1) by extensions ['python_setup_py']
[4.887s] Level 1:colcon.colcon_core.package_identification:_identify(Worlds/models/TD_n1) by extension 'python_setup_py'
[4.887s] Level 1:colcon.colcon_core.package_identification:_identify(Worlds/models/TI_n1) by extensions ['ignore', 'ignore_ament_install']
[4.887s] Level 1:colcon.colcon_core.package_identification:_identify(Worlds/models/TI_n1) by extension 'ignore'
[4.887s] Level 1:colcon.colcon_core.package_identification:_identify(Worlds/models/TI_n1) by extension 'ignore_ament_install'
[4.887s] Level 1:colcon.colcon_core.package_identification:_identify(Worlds/models/TI_n1) by extensions ['colcon_pkg']
[4.887s] Level 1:colcon.colcon_core.package_identification:_identify(Worlds/models/TI_n1) by extension 'colcon_pkg'
[4.887s] Level 1:colcon.colcon_core.package_identification:_identify(Worlds/models/TI_n1) by extensions ['colcon_meta']
[4.887s] Level 1:colcon.colcon_core.package_identification:_identify(Worlds/models/TI_n1) by extension 'colcon_meta'
[4.887s] Level 1:colcon.colcon_core.package_identification:_identify(Worlds/models/TI_n1) by extensions ['ros']
[4.887s] Level 1:colcon.colcon_core.package_identification:_identify(Worlds/models/TI_n1) by extension 'ros'
[4.887s] Level 1:colcon.colcon_core.package_identification:_identify(Worlds/models/TI_n1) by extensions ['cmake', 'python']
[4.887s] Level 1:colcon.colcon_core.package_identification:_identify(Worlds/models/TI_n1) by extension 'cmake'
[4.887s] Level 1:colcon.colcon_core.package_identification:_identify(Worlds/models/TI_n1) by extension 'python'
[4.887s] Level 1:colcon.colcon_core.package_identification:_identify(Worlds/models/TI_n1) by extensions ['python_setup_py']
[4.887s] Level 1:colcon.colcon_core.package_identification:_identify(Worlds/models/TI_n1) by extension 'python_setup_py'
[4.888s] Level 1:colcon.colcon_core.package_identification:_identify(Worlds/scripts) by extensions ['ignore', 'ignore_ament_install']
[4.888s] Level 1:colcon.colcon_core.package_identification:_identify(Worlds/scripts) by extension 'ignore'
[4.888s] Level 1:colcon.colcon_core.package_identification:_identify(Worlds/scripts) by extension 'ignore_ament_install'
[4.888s] Level 1:colcon.colcon_core.package_identification:_identify(Worlds/scripts) by extensions ['colcon_pkg']
[4.888s] Level 1:colcon.colcon_core.package_identification:_identify(Worlds/scripts) by extension 'colcon_pkg'
[4.888s] Level 1:colcon.colcon_core.package_identification:_identify(Worlds/scripts) by extensions ['colcon_meta']
[4.888s] Level 1:colcon.colcon_core.package_identification:_identify(Worlds/scripts) by extension 'colcon_meta'
[4.888s] Level 1:colcon.colcon_core.package_identification:_identify(Worlds/scripts) by extensions ['ros']
[4.888s] Level 1:colcon.colcon_core.package_identification:_identify(Worlds/scripts) by extension 'ros'
[4.888s] Level 1:colcon.colcon_core.package_identification:_identify(Worlds/scripts) by extensions ['cmake', 'python']
[4.888s] Level 1:colcon.colcon_core.package_identification:_identify(Worlds/scripts) by extension 'cmake'
[4.888s] Level 1:colcon.colcon_core.package_identification:_identify(Worlds/scripts) by extension 'python'
[4.889s] Level 1:colcon.colcon_core.package_identification:_identify(Worlds/scripts) by extensions ['python_setup_py']
[4.889s] Level 1:colcon.colcon_core.package_identification:_identify(Worlds/scripts) by extension 'python_setup_py'
[4.889s] Level 1:colcon.colcon_core.package_identification:_identify(Worlds/scripts/rosbag2_2023_11_27-18_22_26) by extensions ['ignore', 'ignore_ament_install']
[4.889s] Level 1:colcon.colcon_core.package_identification:_identify(Worlds/scripts/rosbag2_2023_11_27-18_22_26) by extension 'ignore'
[4.889s] Level 1:colcon.colcon_core.package_identification:_identify(Worlds/scripts/rosbag2_2023_11_27-18_22_26) by extension 'ignore_ament_install'
[4.889s] Level 1:colcon.colcon_core.package_identification:_identify(Worlds/scripts/rosbag2_2023_11_27-18_22_26) by extensions ['colcon_pkg']
[4.889s] Level 1:colcon.colcon_core.package_identification:_identify(Worlds/scripts/rosbag2_2023_11_27-18_22_26) by extension 'colcon_pkg'
[4.889s] Level 1:colcon.colcon_core.package_identification:_identify(Worlds/scripts/rosbag2_2023_11_27-18_22_26) by extensions ['colcon_meta']
[4.889s] Level 1:colcon.colcon_core.package_identification:_identify(Worlds/scripts/rosbag2_2023_11_27-18_22_26) by extension 'colcon_meta'
[4.889s] Level 1:colcon.colcon_core.package_identification:_identify(Worlds/scripts/rosbag2_2023_11_27-18_22_26) by extensions ['ros']
[4.889s] Level 1:colcon.colcon_core.package_identification:_identify(Worlds/scripts/rosbag2_2023_11_27-18_22_26) by extension 'ros'
[4.889s] Level 1:colcon.colcon_core.package_identification:_identify(Worlds/scripts/rosbag2_2023_11_27-18_22_26) by extensions ['cmake', 'python']
[4.889s] Level 1:colcon.colcon_core.package_identification:_identify(Worlds/scripts/rosbag2_2023_11_27-18_22_26) by extension 'cmake'
[4.889s] Level 1:colcon.colcon_core.package_identification:_identify(Worlds/scripts/rosbag2_2023_11_27-18_22_26) by extension 'python'
[4.889s] Level 1:colcon.colcon_core.package_identification:_identify(Worlds/scripts/rosbag2_2023_11_27-18_22_26) by extensions ['python_setup_py']
[4.889s] Level 1:colcon.colcon_core.package_identification:_identify(Worlds/scripts/rosbag2_2023_11_27-18_22_26) by extension 'python_setup_py'
[4.890s] Level 1:colcon.colcon_core.package_identification:_identify(Worlds/scripts/rosbag2_2023_11_27-18_24_43) by extensions ['ignore', 'ignore_ament_install']
[4.890s] Level 1:colcon.colcon_core.package_identification:_identify(Worlds/scripts/rosbag2_2023_11_27-18_24_43) by extension 'ignore'
[4.890s] Level 1:colcon.colcon_core.package_identification:_identify(Worlds/scripts/rosbag2_2023_11_27-18_24_43) by extension 'ignore_ament_install'
[4.890s] Level 1:colcon.colcon_core.package_identification:_identify(Worlds/scripts/rosbag2_2023_11_27-18_24_43) by extensions ['colcon_pkg']
[4.890s] Level 1:colcon.colcon_core.package_identification:_identify(Worlds/scripts/rosbag2_2023_11_27-18_24_43) by extension 'colcon_pkg'
[4.890s] Level 1:colcon.colcon_core.package_identification:_identify(Worlds/scripts/rosbag2_2023_11_27-18_24_43) by extensions ['colcon_meta']
[4.890s] Level 1:colcon.colcon_core.package_identification:_identify(Worlds/scripts/rosbag2_2023_11_27-18_24_43) by extension 'colcon_meta'
[4.890s] Level 1:colcon.colcon_core.package_identification:_identify(Worlds/scripts/rosbag2_2023_11_27-18_24_43) by extensions ['ros']
[4.890s] Level 1:colcon.colcon_core.package_identification:_identify(Worlds/scripts/rosbag2_2023_11_27-18_24_43) by extension 'ros'
[4.890s] Level 1:colcon.colcon_core.package_identification:_identify(Worlds/scripts/rosbag2_2023_11_27-18_24_43) by extensions ['cmake', 'python']
[4.890s] Level 1:colcon.colcon_core.package_identification:_identify(Worlds/scripts/rosbag2_2023_11_27-18_24_43) by extension 'cmake'
[4.890s] Level 1:colcon.colcon_core.package_identification:_identify(Worlds/scripts/rosbag2_2023_11_27-18_24_43) by extension 'python'
[4.890s] Level 1:colcon.colcon_core.package_identification:_identify(Worlds/scripts/rosbag2_2023_11_27-18_24_43) by extensions ['python_setup_py']
[4.890s] Level 1:colcon.colcon_core.package_identification:_identify(Worlds/scripts/rosbag2_2023_11_27-18_24_43) by extension 'python_setup_py'
[4.890s] Level 1:colcon.colcon_core.package_identification:_identify(Worlds_2) by extensions ['ignore', 'ignore_ament_install']
[4.891s] Level 1:colcon.colcon_core.package_identification:_identify(Worlds_2) by extension 'ignore'
[4.891s] Level 1:colcon.colcon_core.package_identification:_identify(Worlds_2) by extension 'ignore_ament_install'
[4.891s] Level 1:colcon.colcon_core.package_identification:_identify(Worlds_2) by extensions ['colcon_pkg']
[4.891s] Level 1:colcon.colcon_core.package_identification:_identify(Worlds_2) by extension 'colcon_pkg'
[4.891s] Level 1:colcon.colcon_core.package_identification:_identify(Worlds_2) by extensions ['colcon_meta']
[4.891s] Level 1:colcon.colcon_core.package_identification:_identify(Worlds_2) by extension 'colcon_meta'
[4.891s] Level 1:colcon.colcon_core.package_identification:_identify(Worlds_2) by extensions ['ros']
[4.891s] Level 1:colcon.colcon_core.package_identification:_identify(Worlds_2) by extension 'ros'
[4.891s] Level 1:colcon.colcon_core.package_identification:_identify(Worlds_2) by extensions ['cmake', 'python']
[4.891s] Level 1:colcon.colcon_core.package_identification:_identify(Worlds_2) by extension 'cmake'
[4.891s] Level 1:colcon.colcon_core.package_identification:_identify(Worlds_2) by extension 'python'
[4.891s] Level 1:colcon.colcon_core.package_identification:_identify(Worlds_2) by extensions ['python_setup_py']
[4.891s] Level 1:colcon.colcon_core.package_identification:_identify(Worlds_2) by extension 'python_setup_py'
[4.892s] Level 1:colcon.colcon_core.package_identification:_identify(Worlds_2/models) by extensions ['ignore', 'ignore_ament_install']
[4.892s] Level 1:colcon.colcon_core.package_identification:_identify(Worlds_2/models) by extension 'ignore'
[4.892s] Level 1:colcon.colcon_core.package_identification:_identify(Worlds_2/models) by extension 'ignore_ament_install'
[4.892s] Level 1:colcon.colcon_core.package_identification:_identify(Worlds_2/models) by extensions ['colcon_pkg']
[4.892s] Level 1:colcon.colcon_core.package_identification:_identify(Worlds_2/models) by extension 'colcon_pkg'
[4.892s] Level 1:colcon.colcon_core.package_identification:_identify(Worlds_2/models) by extensions ['colcon_meta']
[4.892s] Level 1:colcon.colcon_core.package_identification:_identify(Worlds_2/models) by extension 'colcon_meta'
[4.892s] Level 1:colcon.colcon_core.package_identification:_identify(Worlds_2/models) by extensions ['ros']
[4.892s] Level 1:colcon.colcon_core.package_identification:_identify(Worlds_2/models) by extension 'ros'
[4.892s] Level 1:colcon.colcon_core.package_identification:_identify(Worlds_2/models) by extensions ['cmake', 'python']
[4.892s] Level 1:colcon.colcon_core.package_identification:_identify(Worlds_2/models) by extension 'cmake'
[4.893s] Level 1:colcon.colcon_core.package_identification:_identify(Worlds_2/models) by extension 'python'
[4.893s] Level 1:colcon.colcon_core.package_identification:_identify(Worlds_2/models) by extensions ['python_setup_py']
[4.893s] Level 1:colcon.colcon_core.package_identification:_identify(Worlds_2/models) by extension 'python_setup_py'
[4.893s] Level 1:colcon.colcon_core.package_identification:_identify(Worlds_2/models/TI_n1) by extensions ['ignore', 'ignore_ament_install']
[4.893s] Level 1:colcon.colcon_core.package_identification:_identify(Worlds_2/models/TI_n1) by extension 'ignore'
[4.893s] Level 1:colcon.colcon_core.package_identification:_identify(Worlds_2/models/TI_n1) by extension 'ignore_ament_install'
[4.893s] Level 1:colcon.colcon_core.package_identification:_identify(Worlds_2/models/TI_n1) by extensions ['colcon_pkg']
[4.893s] Level 1:colcon.colcon_core.package_identification:_identify(Worlds_2/models/TI_n1) by extension 'colcon_pkg'
[4.893s] Level 1:colcon.colcon_core.package_identification:_identify(Worlds_2/models/TI_n1) by extensions ['colcon_meta']
[4.893s] Level 1:colcon.colcon_core.package_identification:_identify(Worlds_2/models/TI_n1) by extension 'colcon_meta'
[4.893s] Level 1:colcon.colcon_core.package_identification:_identify(Worlds_2/models/TI_n1) by extensions ['ros']
[4.893s] Level 1:colcon.colcon_core.package_identification:_identify(Worlds_2/models/TI_n1) by extension 'ros'
[4.893s] Level 1:colcon.colcon_core.package_identification:_identify(Worlds_2/models/TI_n1) by extensions ['cmake', 'python']
[4.893s] Level 1:colcon.colcon_core.package_identification:_identify(Worlds_2/models/TI_n1) by extension 'cmake'
[4.893s] Level 1:colcon.colcon_core.package_identification:_identify(Worlds_2/models/TI_n1) by extension 'python'
[4.894s] Level 1:colcon.colcon_core.package_identification:_identify(Worlds_2/models/TI_n1) by extensions ['python_setup_py']
[4.894s] Level 1:colcon.colcon_core.package_identification:_identify(Worlds_2/models/TI_n1) by extension 'python_setup_py'
[4.894s] Level 1:colcon.colcon_core.package_identification:_identify(Worlds_2/scripts) by extensions ['ignore', 'ignore_ament_install']
[4.894s] Level 1:colcon.colcon_core.package_identification:_identify(Worlds_2/scripts) by extension 'ignore'
[4.894s] Level 1:colcon.colcon_core.package_identification:_identify(Worlds_2/scripts) by extension 'ignore_ament_install'
[4.894s] Level 1:colcon.colcon_core.package_identification:_identify(Worlds_2/scripts) by extensions ['colcon_pkg']
[4.894s] Level 1:colcon.colcon_core.package_identification:_identify(Worlds_2/scripts) by extension 'colcon_pkg'
[4.894s] Level 1:colcon.colcon_core.package_identification:_identify(Worlds_2/scripts) by extensions ['colcon_meta']
[4.894s] Level 1:colcon.colcon_core.package_identification:_identify(Worlds_2/scripts) by extension 'colcon_meta'
[4.894s] Level 1:colcon.colcon_core.package_identification:_identify(Worlds_2/scripts) by extensions ['ros']
[4.894s] Level 1:colcon.colcon_core.package_identification:_identify(Worlds_2/scripts) by extension 'ros'
[4.894s] Level 1:colcon.colcon_core.package_identification:_identify(Worlds_2/scripts) by extensions ['cmake', 'python']
[4.894s] Level 1:colcon.colcon_core.package_identification:_identify(Worlds_2/scripts) by extension 'cmake'
[4.894s] Level 1:colcon.colcon_core.package_identification:_identify(Worlds_2/scripts) by extension 'python'
[4.894s] Level 1:colcon.colcon_core.package_identification:_identify(Worlds_2/scripts) by extensions ['python_setup_py']
[4.895s] Level 1:colcon.colcon_core.package_identification:_identify(Worlds_2/scripts) by extension 'python_setup_py'
[4.895s] Level 1:colcon.colcon_core.package_identification:_identify(build) by extensions ['ignore', 'ignore_ament_install']
[4.895s] Level 1:colcon.colcon_core.package_identification:_identify(build) by extension 'ignore'
[4.895s] Level 1:colcon.colcon_core.package_identification:_identify(build) ignored
[4.895s] Level 1:colcon.colcon_core.package_identification:_identify(install) by extensions ['ignore', 'ignore_ament_install']
[4.895s] Level 1:colcon.colcon_core.package_identification:_identify(install) by extension 'ignore'
[4.895s] Level 1:colcon.colcon_core.package_identification:_identify(install) ignored
[4.895s] Level 1:colcon.colcon_core.package_identification:_identify(log) by extensions ['ignore', 'ignore_ament_install']
[4.895s] Level 1:colcon.colcon_core.package_identification:_identify(log) by extension 'ignore'
[4.895s] Level 1:colcon.colcon_core.package_identification:_identify(log) ignored
[4.896s] Level 1:colcon.colcon_core.package_identification:_identify(patrollingTask) by extensions ['ignore', 'ignore_ament_install']
[4.896s] Level 1:colcon.colcon_core.package_identification:_identify(patrollingTask) by extension 'ignore'
[4.896s] Level 1:colcon.colcon_core.package_identification:_identify(patrollingTask) by extension 'ignore_ament_install'
[4.896s] Level 1:colcon.colcon_core.package_identification:_identify(patrollingTask) by extensions ['colcon_pkg']
[4.896s] Level 1:colcon.colcon_core.package_identification:_identify(patrollingTask) by extension 'colcon_pkg'
[4.896s] Level 1:colcon.colcon_core.package_identification:_identify(patrollingTask) by extensions ['colcon_meta']
[4.896s] Level 1:colcon.colcon_core.package_identification:_identify(patrollingTask) by extension 'colcon_meta'
[4.896s] Level 1:colcon.colcon_core.package_identification:_identify(patrollingTask) by extensions ['ros']
[4.896s] Level 1:colcon.colcon_core.package_identification:_identify(patrollingTask) by extension 'ros'
[4.899s] DEBUG:colcon.colcon_core.package_identification:Package 'patrollingTask' with type 'ros.ament_cmake' and name 'patrollingTask'
[4.899s] Level 1:colcon.colcon_core.package_discovery:discover_packages(recursive) using defaults
[4.899s] Level 1:colcon.colcon_core.package_discovery:discover_packages(ignore) discover
[4.899s] Level 1:colcon.colcon_core.package_discovery:discover_packages(ignore) using defaults
[4.899s] Level 1:colcon.colcon_core.package_discovery:discover_packages(path) discover
[4.900s] Level 1:colcon.colcon_core.package_discovery:discover_packages(path) using defaults
[5.306s] Level 1:colcon.colcon_core.package_discovery:discover_packages(prefix_path) check parameters
[5.306s] Level 1:colcon.colcon_core.package_discovery:discover_packages(prefix_path) discover
[5.463s] DEBUG:colcon.colcon_installed_package_information.package_discovery:Found 406 installed packages in /opt/ros/foxy
[5.467s] Level 1:colcon.colcon_core.package_discovery:discover_packages(prefix_path) using defaults
[5.783s] Level 5:colcon.colcon_core.verb:set package 'patrollingTask' build argument 'cmake_args' from command line to 'None'
[5.783s] Level 5:colcon.colcon_core.verb:set package 'patrollingTask' build argument 'cmake_target' from command line to 'None'
[5.783s] Level 5:colcon.colcon_core.verb:set package 'patrollingTask' build argument 'cmake_target_skip_unavailable' from command line to 'False'
[5.784s] Level 5:colcon.colcon_core.verb:set package 'patrollingTask' build argument 'cmake_clean_cache' from command line to 'False'
[5.784s] Level 5:colcon.colcon_core.verb:set package 'patrollingTask' build argument 'cmake_clean_first' from command line to 'False'
[5.784s] Level 5:colcon.colcon_core.verb:set package 'patrollingTask' build argument 'cmake_force_configure' from command line to 'False'
[5.784s] Level 5:colcon.colcon_core.verb:set package 'patrollingTask' build argument 'ament_cmake_args' from command line to 'None'
[5.784s] Level 5:colcon.colcon_core.verb:set package 'patrollingTask' build argument 'catkin_cmake_args' from command line to 'None'
[5.784s] Level 5:colcon.colcon_core.verb:set package 'patrollingTask' build argument 'catkin_skip_building_tests' from command line to 'False'
[5.784s] DEBUG:colcon.colcon_core.verb:Building package 'patrollingTask' with the following arguments: {'ament_cmake_args': None, 'build_base': '/home/joel/Descargas/IR2121/build/patrollingTask', 'catkin_cmake_args': None, 'catkin_skip_building_tests': False, 'cmake_args': None, 'cmake_clean_cache': False, 'cmake_clean_first': False, 'cmake_force_configure': False, 'cmake_target': None, 'cmake_target_skip_unavailable': False, 'install_base': '/home/joel/Descargas/IR2121/install/patrollingTask', 'merge_install': False, 'path': '/home/joel/Descargas/IR2121/patrollingTask', 'symlink_install': False, 'test_result_base': None}
[5.860s] INFO:colcon.colcon_core.executor:Executing jobs using 'parallel' executor
[5.939s] DEBUG:colcon.colcon_parallel_executor.executor.parallel:run_until_complete
[5.939s] INFO:colcon.colcon_ros.task.ament_cmake.build:Building ROS package in '/home/joel/Descargas/IR2121/patrollingTask' with build type 'ament_cmake'
[5.939s] INFO:colcon.colcon_cmake.task.cmake.build:Building CMake package in '/home/joel/Descargas/IR2121/patrollingTask'
[6.019s] INFO:colcon.colcon_core.plugin_system:Skipping extension 'colcon_core.shell.bat': Not used on non-Windows systems
[6.020s] INFO:colcon.colcon_core.shell:Skip shell extension 'powershell' for command environment: Not usable outside of PowerShell
[6.020s] DEBUG:colcon.colcon_core.shell:Skip shell extension 'dsv' for command environment
[6.186s] DEBUG:colcon.colcon_core.event_handler.log_command:Invoking command in '/home/joel/Descargas/IR2121/build/patrollingTask': CMAKE_PREFIX_PATH=/opt/ros/foxy /usr/bin/cmake /home/joel/Descargas/IR2121/patrollingTask -DCMAKE_INSTALL_PREFIX=/home/joel/Descargas/IR2121/install/patrollingTask
[8.871s] DEBUG:colcon.colcon_core.event_handler.log_command:Invoked command in '/home/joel/Descargas/IR2121/build/patrollingTask' returned '0': CMAKE_PREFIX_PATH=/opt/ros/foxy /usr/bin/cmake /home/joel/Descargas/IR2121/patrollingTask -DCMAKE_INSTALL_PREFIX=/home/joel/Descargas/IR2121/install/patrollingTask
[8.876s] DEBUG:colcon.colcon_core.event_handler.log_command:Invoking command in '/home/joel/Descargas/IR2121/build/patrollingTask': CMAKE_PREFIX_PATH=/opt/ros/foxy /usr/bin/cmake --build /home/joel/Descargas/IR2121/build/patrollingTask -- -j8 -l8
[11.980s] DEBUG:colcon.colcon_core.event_handler.log_command:Invoked command in '/home/joel/Descargas/IR2121/build/patrollingTask' returned '2': CMAKE_PREFIX_PATH=/opt/ros/foxy /usr/bin/cmake --build /home/joel/Descargas/IR2121/build/patrollingTask -- -j8 -l8
[12.098s] Level 1:colcon.colcon_core.environment:create_environment_scripts_only(patrollingTask)
[12.203s] Level 1:colcon.colcon_core.environment:checking '/home/joel/Descargas/IR2121/install/patrollingTask' for CMake module files
[12.203s] Level 1:colcon.colcon_core.environment:checking '/home/joel/Descargas/IR2121/install/patrollingTask' for CMake config files
[12.204s] Level 1:colcon.colcon_core.environment:checking '/home/joel/Descargas/IR2121/install/patrollingTask/bin'
[12.204s] Level 1:colcon.colcon_core.environment:checking '/home/joel/Descargas/IR2121/install/patrollingTask/lib/pkgconfig/patrollingTask.pc'
[12.204s] Level 1:colcon.colcon_core.environment:checking '/home/joel/Descargas/IR2121/install/patrollingTask/lib/python3.8/site-packages'
[12.204s] Level 1:colcon.colcon_core.environment:checking '/home/joel/Descargas/IR2121/install/patrollingTask/bin'
[12.288s] INFO:colcon.colcon_core.shell:Creating package script '/home/joel/Descargas/IR2121/install/patrollingTask/share/patrollingTask/package.ps1'
[12.290s] INFO:colcon.colcon_core.shell:Creating package descriptor '/home/joel/Descargas/IR2121/install/patrollingTask/share/patrollingTask/package.dsv'
[12.291s] INFO:colcon.colcon_core.shell:Creating package script '/home/joel/Descargas/IR2121/install/patrollingTask/share/patrollingTask/package.sh'
[12.293s] INFO:colcon.colcon_core.shell:Creating package script '/home/joel/Descargas/IR2121/install/patrollingTask/share/patrollingTask/package.bash'
[12.294s] INFO:colcon.colcon_core.shell:Creating package script '/home/joel/Descargas/IR2121/install/patrollingTask/share/patrollingTask/package.zsh'
[12.295s] Level 1:colcon.colcon_core.environment:create_file_with_runtime_dependencies(/home/joel/Descargas/IR2121/install/patrollingTask/share/colcon-core/packages/patrollingTask)
[12.306s] DEBUG:colcon.colcon_parallel_executor.executor.parallel:closing loop
[12.306s] DEBUG:colcon.colcon_parallel_executor.executor.parallel:loop closed
[12.306s] DEBUG:colcon.colcon_parallel_executor.executor.parallel:run_until_complete finished with '2'
[12.306s] DEBUG:colcon.colcon_core.event_reactor:joining thread
[12.394s] INFO:colcon.colcon_core.plugin_system:Skipping extension 'colcon_notification.desktop_notification.terminal_notifier': Not used on non-Darwin systems
[12.394s] INFO:colcon.colcon_core.plugin_system:Skipping extension 'colcon_notification.desktop_notification.win32': Not used on non-Windows systems
[12.394s] INFO:colcon.colcon_notification.desktop_notification:Sending desktop notification using 'notify2'
[12.415s] DEBUG:colcon.colcon_core.event_reactor:joined thread
[12.514s] INFO:colcon.colcon_core.shell:Creating prefix script '/home/joel/Descargas/IR2121/install/local_setup.ps1'
[12.515s] INFO:colcon.colcon_core.shell:Creating prefix util module '/home/joel/Descargas/IR2121/install/_local_setup_util_ps1.py'
[12.518s] INFO:colcon.colcon_core.shell:Creating prefix chain script '/home/joel/Descargas/IR2121/install/setup.ps1'
[12.619s] INFO:colcon.colcon_core.shell:Creating prefix script '/home/joel/Descargas/IR2121/install/local_setup.sh'
[12.620s] INFO:colcon.colcon_core.shell:Creating prefix util module '/home/joel/Descargas/IR2121/install/_local_setup_util_sh.py'
[12.620s] INFO:colcon.colcon_core.shell:Creating prefix chain script '/home/joel/Descargas/IR2121/install/setup.sh'
[12.703s] INFO:colcon.colcon_core.shell:Creating prefix script '/home/joel/Descargas/IR2121/install/local_setup.bash'
[12.704s] INFO:colcon.colcon_core.shell:Creating prefix chain script '/home/joel/Descargas/IR2121/install/setup.bash'
[12.800s] INFO:colcon.colcon_core.shell:Creating prefix script '/home/joel/Descargas/IR2121/install/local_setup.zsh'
[12.802s] INFO:colcon.colcon_core.shell:Creating prefix chain script '/home/joel/Descargas/IR2121/install/setup.zsh'
