[0.319s] Invoking command in '/home/joel/Descargas/IR2121/build/patrollingTask': CMAKE_PREFIX_PATH=${CMAKE_PREFIX_PATH}:/opt/ros/foxy /usr/bin/cmake --build /home/joel/Descargas/IR2121/build/patrollingTask -- -j8 -l8
[0.381s] [35m[1mScanning dependencies of target publisher[0m
[0.421s] [ 50%] [32mBuilding CXX object CMakeFiles/publisher.dir/src/publisher.cpp.o[0m
[2.186s] [01m[K/home/joel/Descargas/IR2121/patrollingTask/src/publisher.cpp:[m[K In function ‘[01m[Kint main(int, char**)[m[K’:
[2.186s] [01m[K/home/joel/Descargas/IR2121/patrollingTask/src/publisher.cpp:70:9:[m[K [01;31m[Kerror: [m[K‘[01m[Kcount[m[K’ was not declared in this scope; did you mean ‘[01m[Kstd::count[m[K’?
[2.186s]    70 |         [01;31m[Kcount[m[K+=1;
[2.186s]       |         [01;31m[K^~~~~[m[K
[2.187s]       |         [32m[Kstd::count[m[K
[2.187s] In file included from [01m[K/usr/include/c++/9/algorithm:62[m[K,
[2.187s]                  from [01m[K/opt/ros/foxy/include/rosidl_runtime_cpp/bounded_vector.hpp:18[m[K,
[2.187s]                  from [01m[K/opt/ros/foxy/include/geometry_msgs/msg/detail/pose_stamped__struct.hpp:8[m[K,
[2.187s]                  from [01m[K/opt/ros/foxy/include/geometry_msgs/msg/pose_stamped.hpp:7[m[K,
[2.187s]                  from [01m[K/home/joel/Descargas/IR2121/patrollingTask/src/publisher.cpp:2[m[K:
[2.187s] [01m[K/usr/include/c++/9/bits/stl_algo.h:4113:5:[m[K [01;36m[Knote: [m[K‘[01m[Kstd::count[m[K’ declared here
[2.187s]  4113 |     [01;36m[Kcount[m[K(_InputIterator __first, _InputIterator __last, const _Tp& __value)
[2.187s]       |     [01;36m[K^~~~~[m[K
[4.157s] make[2]: *** [CMakeFiles/publisher.dir/build.make:63: CMakeFiles/publisher.dir/src/publisher.cpp.o] Error 1
[4.157s] make[1]: *** [CMakeFiles/Makefile2:78: CMakeFiles/publisher.dir/all] Error 2
[4.157s] make: *** [Makefile:141: all] Error 2
[4.160s] Invoked command in '/home/joel/Descargas/IR2121/build/patrollingTask' returned '2': CMAKE_PREFIX_PATH=${CMAKE_PREFIX_PATH}:/opt/ros/foxy /usr/bin/cmake --build /home/joel/Descargas/IR2121/build/patrollingTask -- -j8 -l8
